#
# There is insufficient memory for the Java Runtime Environment to continue.
# Native memory allocation (malloc) failed to allocate 195904 bytes for Chunk::new
# Possible reasons:
#   The system is out of physical RAM or swap space
#   The process is running with CompressedOops enabled, and the Java Heap may be blocking the growth of the native heap
# Possible solutions:
#   Reduce memory load on the system
#   Increase physical memory or swap space
#   Check if swap backing store is full
#   Decrease Java heap size (-Xmx/-Xms)
#   Decrease number of Java threads
#   Decrease Java thread stack sizes (-Xss)
#   Set larger code cache with -XX:ReservedCodeCacheSize=
#   JVM is running with Unscaled Compressed Oops mode in which the Java heap is
#     placed in the first 4GB address space. The Java Heap base address is the
#     maximum limit for the native heap growth. Please use -XX:HeapBaseMinAddress
#     to set the Java Heap base and to place the Java Heap above 4GB virtual address.
# This output file may be truncated or incomplete.
#
#  Out of Memory Error (arena.cpp:168), pid=37388, tid=33660
#
# JRE version: OpenJDK Runtime Environment (21.0.1+12) (build 21.0.1+12-29)
# Java VM: OpenJDK 64-Bit Server VM (21.0.1+12-29, mixed mode, sharing, tiered, compressed oops, compressed class ptrs, g1 gc, windows-amd64)
# No core dump will be written. Minidumps are not enabled by default on client versions of Windows
#

---------------  S U M M A R Y ------------

Command Line: -javaagent:C:\Program Files\JetBrains\IntelliJ IDEA 2023.2.3\lib\idea_rt.jar=57693:C:\Program Files\JetBrains\IntelliJ IDEA 2023.2.3\bin -Dfile.encoding=UTF-8 -Dsun.stdout.encoding=UTF-8 -Dsun.stderr.encoding=UTF-8 com.bookmatch.Main

Host: 11th Gen Intel(R) Core(TM) i7-11800H @ 2.30GHz, 16 cores, 7G,  Windows 11 , 64 bit Build 22621 (10.0.22621.3672)
Time: Sat Jun 29 17:30:13 2024 W. Central Africa Standard Time elapsed time: 7.536746 seconds (0d 0h 0m 7s)

---------------  T H R E A D  ---------------

Current thread (0x0000016c7d3c3b60):  JavaThread "C2 CompilerThread0" daemon [_thread_in_native, id=33660, stack(0x0000000329f00000,0x000000032a000000) (1024K)]


Current CompileTask:
C2:   7536 3195   !   4       org.openqa.selenium.json.Input::init (71 bytes)

Stack: [0x0000000329f00000,0x000000032a000000]
Native frames: (J=compiled Java code, j=interpreted, Vv=VM code, C=native code)
V  [jvm.dll+0x6c9029]
V  [jvm.dll+0x854b81]
V  [jvm.dll+0x856e5e]
V  [jvm.dll+0x857543]
V  [jvm.dll+0x280c06]
V  [jvm.dll+0xc3ead]
V  [jvm.dll+0xc43c3]
V  [jvm.dll+0x3b576c]
V  [jvm.dll+0x1e20b9]
V  [jvm.dll+0x249c22]
V  [jvm.dll+0x2490b1]
V  [jvm.dll+0x1c9ca1]
V  [jvm.dll+0x2586b9]
V  [jvm.dll+0x256c9a]
V  [jvm.dll+0x3ef1b6]
V  [jvm.dll+0x7fd728]
V  [jvm.dll+0x6c777d]
C  [ucrtbase.dll+0x29333]
C  [KERNEL32.DLL+0x1257d]
C  [ntdll.dll+0x5af28]


---------------  P R O C E S S  ---------------

Threads class SMR info:
_java_thread_list=0x0000016c7e000950, length=21, elements={
0x0000016c7d3b0dd0, 0x0000016c7d3b1be0, 0x0000016c7d3b3c00, 0x0000016c7d3b4750,
0x0000016c7d3baf60, 0x0000016c7d3bb700, 0x0000016c7d3c3b60, 0x0000016c7d3c4a10,
0x0000016c7d5db090, 0x0000016c7dc61d10, 0x0000016c7dc863a0, 0x0000016c7e77e980,
0x0000016c7e774050, 0x0000016c45bd36f0, 0x0000016c5dd51360, 0x0000016c4550ede0,
0x0000016c4548c360, 0x0000016c4601fab0, 0x0000016c46020e60, 0x0000016c460207d0,
0x0000016c460214f0
}

Java Threads: ( => current thread )
  0x0000016c7d3b0dd0 JavaThread "Reference Handler"          daemon [_thread_blocked, id=36536, stack(0x0000000329900000,0x0000000329a00000) (1024K)]
  0x0000016c7d3b1be0 JavaThread "Finalizer"                  daemon [_thread_blocked, id=24480, stack(0x0000000329a00000,0x0000000329b00000) (1024K)]
  0x0000016c7d3b3c00 JavaThread "Signal Dispatcher"          daemon [_thread_blocked, id=47704, stack(0x0000000329b00000,0x0000000329c00000) (1024K)]
  0x0000016c7d3b4750 JavaThread "Attach Listener"            daemon [_thread_blocked, id=35524, stack(0x0000000329c00000,0x0000000329d00000) (1024K)]
  0x0000016c7d3baf60 JavaThread "Service Thread"             daemon [_thread_blocked, id=41624, stack(0x0000000329d00000,0x0000000329e00000) (1024K)]
  0x0000016c7d3bb700 JavaThread "Monitor Deflation Thread"   daemon [_thread_blocked, id=22720, stack(0x0000000329e00000,0x0000000329f00000) (1024K)]
=>0x0000016c7d3c3b60 JavaThread "C2 CompilerThread0"         daemon [_thread_in_native, id=33660, stack(0x0000000329f00000,0x000000032a000000) (1024K)]
  0x0000016c7d3c4a10 JavaThread "C1 CompilerThread0"         daemon [_thread_blocked, id=39308, stack(0x000000032a000000,0x000000032a100000) (1024K)]
  0x0000016c7d5db090 JavaThread "Common-Cleaner"             daemon [_thread_blocked, id=41016, stack(0x000000032a100000,0x000000032a200000) (1024K)]
  0x0000016c7dc61d10 JavaThread "Monitor Ctrl-Break"         daemon [_thread_in_native, id=14236, stack(0x000000032a500000,0x000000032a600000) (1024K)]
  0x0000016c7dc863a0 JavaThread "Notification Thread"        daemon [_thread_blocked, id=42164, stack(0x000000032a600000,0x000000032a700000) (1024K)]
  0x0000016c7e77e980 JavaThread "mysql-cj-abandoned-connection-cleanup" daemon [_thread_blocked, id=32780, stack(0x000000032b300000,0x000000032b400000) (1024K)]
  0x0000016c7e774050 JavaThread "Hibernate Connection Pool Validation Thread" daemon [_thread_blocked, id=46904, stack(0x000000032b600000,0x000000032b700000) (1024K)]
  0x0000016c45bd36f0 JavaThread "Forwarding get on session 785cfa41-ad5b-4c57-b2b5-c6f32650660a to remote"        [_thread_in_native, id=15848, stack(0x000000032b700000,0x000000032b800000) (1024K)]
  0x0000016c5dd51360 JavaThread "DestroyJavaVM"                     [_thread_blocked, id=22296, stack(0x0000000329100000,0x0000000329200000) (1024K)]
  0x0000016c4550ede0 JavaThread "Exec Default Executor"      daemon [_thread_in_native, id=28648, stack(0x000000032a400000,0x000000032a500000) (1024K)]
  0x0000016c4548c360 JavaThread "Exec Stream Pumper"         daemon [_thread_in_native, id=34340, stack(0x000000032b900000,0x000000032ba00000) (1024K)]
  0x0000016c4601fab0 JavaThread "Exec Stream Pumper"         daemon [_thread_in_native, id=47572, stack(0x000000032ba00000,0x000000032bb00000) (1024K)]
  0x0000016c46020e60 JavaThread "ForkJoinPool.commonPool-worker-1" daemon [_thread_blocked, id=30676, stack(0x000000032bb00000,0x000000032bc00000) (1024K)]
  0x0000016c460207d0 JavaThread "OkHttp ConnectionPool"      daemon [_thread_blocked, id=42224, stack(0x000000032bc00000,0x000000032bd00000) (1024K)]
  0x0000016c460214f0 JavaThread "Okio Watchdog"              daemon [_thread_blocked, id=30768, stack(0x000000032bd00000,0x000000032be00000) (1024K)]
Total: 21

Other Threads:
  0x0000016c7d38f1b0 VMThread "VM Thread"                           [id=38512, stack(0x0000000329800000,0x0000000329900000) (1024K)]
  0x0000016c7d376d00 WatcherThread "VM Periodic Task Thread"        [id=31968, stack(0x0000000329700000,0x0000000329800000) (1024K)]
  0x0000016c6011f780 WorkerThread "GC Thread#0"                     [id=47520, stack(0x0000000329200000,0x0000000329300000) (1024K)]
  0x0000016c7e216ca0 WorkerThread "GC Thread#1"                     [id=47184, stack(0x000000032a700000,0x000000032a800000) (1024K)]
  0x0000016c7e4727b0 WorkerThread "GC Thread#2"                     [id=4948, stack(0x000000032a800000,0x000000032a900000) (1024K)]
  0x0000016c7e472f60 WorkerThread "GC Thread#3"                     [id=32912, stack(0x000000032a900000,0x000000032aa00000) (1024K)]
  0x0000016c7e473300 WorkerThread "GC Thread#4"                     [id=18096, stack(0x000000032aa00000,0x000000032ab00000) (1024K)]
  0x0000016c7e473cb0 WorkerThread "GC Thread#5"                     [id=31592, stack(0x000000032ab00000,0x000000032ac00000) (1024K)]
  0x0000016c7e6d0f80 WorkerThread "GC Thread#6"                     [id=32048, stack(0x000000032ac00000,0x000000032ad00000) (1024K)]
  0x0000016c7e6d1e00 WorkerThread "GC Thread#7"                     [id=40504, stack(0x000000032ad00000,0x000000032ae00000) (1024K)]
  0x0000016c7e6d1320 WorkerThread "GC Thread#8"                     [id=43148, stack(0x000000032ae00000,0x000000032af00000) (1024K)]
  0x0000016c7e6d28e0 WorkerThread "GC Thread#9"                     [id=40452, stack(0x000000032af00000,0x000000032b000000) (1024K)]
  0x0000016c7e6d1a60 WorkerThread "GC Thread#10"                    [id=30368, stack(0x000000032b000000,0x000000032b100000) (1024K)]
  0x0000016c7e6d2540 WorkerThread "GC Thread#11"                    [id=7880, stack(0x000000032b100000,0x000000032b200000) (1024K)]
  0x0000016c7e6d21a0 WorkerThread "GC Thread#12"                    [id=42096, stack(0x000000032b200000,0x000000032b300000) (1024K)]
  0x0000016c6012ffd0 ConcurrentGCThread "G1 Main Marker"            [id=33712, stack(0x0000000329300000,0x0000000329400000) (1024K)]
  0x0000016c60131270 WorkerThread "G1 Conc#0"                       [id=24136, stack(0x0000000329400000,0x0000000329500000) (1024K)]
  0x0000016c7e6d16c0 WorkerThread "G1 Conc#1"                       [id=37232, stack(0x000000032b400000,0x000000032b500000) (1024K)]
  0x0000016c7ee70190 WorkerThread "G1 Conc#2"                       [id=40804, stack(0x000000032b500000,0x000000032b600000) (1024K)]
  0x0000016c7d24a530 ConcurrentGCThread "G1 Refine#0"               [id=47728, stack(0x0000000329500000,0x0000000329600000) (1024K)]
  0x0000016c7d24af40 ConcurrentGCThread "G1 Service"                [id=41396, stack(0x0000000329600000,0x0000000329700000) (1024K)]
Total: 21

Threads with active compile tasks:
C2 CompilerThread0     7555 3195   !   4       org.openqa.selenium.json.Input::init (71 bytes)
Total: 1

VM state: not at safepoint (normal execution)

VM Mutex/Monitor currently owned by a thread: None

Heap address: 0x0000000084a00000, size: 1974 MB, Compressed Oops mode: 32-bit

CDS archive(s) mapped at: [0x0000016c00000000-0x0000016c00c90000-0x0000016c00c90000), size 13172736, SharedBaseAddress: 0x0000016c00000000, ArchiveRelocationMode: 1.
Compressed class space mapped at: 0x0000016c01000000-0x0000016c41000000, reserved size: 1073741824
Narrow klass base: 0x0000016c00000000, Narrow klass shift: 0, Narrow klass range: 0x100000000

GC Precious Log:
 CardTable entry size: 512
 Card Set container configuration: InlinePtr #cards 5 size 8 Array Of Cards #cards 12 size 40 Howl #buckets 4 coarsen threshold 1843 Howl Bitmap #cards 512 size 80 coarsen threshold 460 Card regions per heap region 1 cards per card region 2048
 CPUs: 16 total, 16 available
 Memory: 7893M
 Large Page Support: Disabled
 NUMA Support: Disabled
 Compressed Oops: Enabled (32-bit)
 Heap Region Size: 1M
 Heap Min Capacity: 8M
 Heap Initial Capacity: 124M
 Heap Max Capacity: 1974M
 Pre-touch: Disabled
 Parallel Workers: 13
 Concurrent Workers: 3
 Concurrent Refinement Workers: 13
 Periodic GC: Disabled

Heap:
 garbage-first heap   total 47104K, used 16579K [0x0000000084a00000, 0x0000000100000000)
  region size 1024K, 8 young (8192K), 4 survivors (4096K)
 Metaspace       used 36541K, committed 36928K, reserved 1114112K
  class space    used 4833K, committed 4992K, reserved 1048576K

Heap Regions: E=young(eden), S=young(survivor), O=old, HS=humongous(starts), HC=humongous(continues), CS=collection set, F=free, TAMS=top-at-mark-start, PB=parsable bottom
|   0|0x0000000084a00000, 0x0000000084b00000, 0x0000000084b00000|100%|HS|  |TAMS 0x0000000084a00000| PB 0x0000000084a00000| Complete 
|   1|0x0000000084b00000, 0x0000000084c00000, 0x0000000084c00000|100%| O|  |TAMS 0x0000000084b00000| PB 0x0000000084b00000| Untracked 
|   2|0x0000000084c00000, 0x0000000084d00000, 0x0000000084d00000|100%| O|  |TAMS 0x0000000084c00000| PB 0x0000000084c00000| Untracked 
|   3|0x0000000084d00000, 0x0000000084e00000, 0x0000000084e00000|100%| O|  |TAMS 0x0000000084d00000| PB 0x0000000084d00000| Untracked 
|   4|0x0000000084e00000, 0x0000000084f00000, 0x0000000084f00000|100%| O|  |TAMS 0x0000000084e00000| PB 0x0000000084e00000| Untracked 
|   5|0x0000000084f00000, 0x0000000085000000, 0x0000000085000000|100%| O|  |TAMS 0x0000000084f00000| PB 0x0000000084f00000| Untracked 
|   6|0x0000000085000000, 0x0000000085100000, 0x0000000085100000|100%| O|  |TAMS 0x0000000085000000| PB 0x0000000085000000| Untracked 
|   7|0x0000000085100000, 0x0000000085200000, 0x0000000085200000|100%| O|  |TAMS 0x0000000085100000| PB 0x0000000085100000| Untracked 
|   8|0x0000000085200000, 0x0000000085300000, 0x0000000085300000|100%| O|  |TAMS 0x0000000085200000| PB 0x0000000085200000| Untracked 
|   9|0x0000000085300000, 0x0000000085400000, 0x0000000085400000|100%| O|  |TAMS 0x0000000085300000| PB 0x0000000085300000| Untracked 
|  10|0x0000000085400000, 0x0000000085430d00, 0x0000000085500000| 19%| O|  |TAMS 0x0000000085400000| PB 0x0000000085400000| Untracked 
|  11|0x0000000085500000, 0x0000000085500000, 0x0000000085600000|  0%| F|  |TAMS 0x0000000085500000| PB 0x0000000085500000| Untracked 
|  12|0x0000000085600000, 0x0000000085600000, 0x0000000085700000|  0%| F|  |TAMS 0x0000000085600000| PB 0x0000000085600000| Untracked 
|  13|0x0000000085700000, 0x0000000085700000, 0x0000000085800000|  0%| F|  |TAMS 0x0000000085700000| PB 0x0000000085700000| Untracked 
|  14|0x0000000085800000, 0x0000000085800000, 0x0000000085900000|  0%| F|  |TAMS 0x0000000085800000| PB 0x0000000085800000| Untracked 
|  15|0x0000000085900000, 0x0000000085900000, 0x0000000085a00000|  0%| F|  |TAMS 0x0000000085900000| PB 0x0000000085900000| Untracked 
|  16|0x0000000085a00000, 0x0000000085b00000, 0x0000000085b00000|100%| S|CS|TAMS 0x0000000085a00000| PB 0x0000000085a00000| Complete 
|  17|0x0000000085b00000, 0x0000000085c00000, 0x0000000085c00000|100%| S|CS|TAMS 0x0000000085b00000| PB 0x0000000085b00000| Complete 
|  18|0x0000000085c00000, 0x0000000085d00000, 0x0000000085d00000|100%| S|CS|TAMS 0x0000000085c00000| PB 0x0000000085c00000| Complete 
|  19|0x0000000085d00000, 0x0000000085e00000, 0x0000000085e00000|100%| S|CS|TAMS 0x0000000085d00000| PB 0x0000000085d00000| Complete 
|  20|0x0000000085e00000, 0x0000000085e00000, 0x0000000085f00000|  0%| F|  |TAMS 0x0000000085e00000| PB 0x0000000085e00000| Untracked 
|  21|0x0000000085f00000, 0x0000000085f00000, 0x0000000086000000|  0%| F|  |TAMS 0x0000000085f00000| PB 0x0000000085f00000| Untracked 
|  22|0x0000000086000000, 0x0000000086000000, 0x0000000086100000|  0%| F|  |TAMS 0x0000000086000000| PB 0x0000000086000000| Untracked 
|  23|0x0000000086100000, 0x0000000086100000, 0x0000000086200000|  0%| F|  |TAMS 0x0000000086100000| PB 0x0000000086100000| Untracked 
|  24|0x0000000086200000, 0x0000000086200000, 0x0000000086300000|  0%| F|  |TAMS 0x0000000086200000| PB 0x0000000086200000| Untracked 
|  25|0x0000000086300000, 0x0000000086300000, 0x0000000086400000|  0%| F|  |TAMS 0x0000000086300000| PB 0x0000000086300000| Untracked 
|  26|0x0000000086400000, 0x0000000086400000, 0x0000000086500000|  0%| F|  |TAMS 0x0000000086400000| PB 0x0000000086400000| Untracked 
|  27|0x0000000086500000, 0x0000000086500000, 0x0000000086600000|  0%| F|  |TAMS 0x0000000086500000| PB 0x0000000086500000| Untracked 
|  28|0x0000000086600000, 0x0000000086600000, 0x0000000086700000|  0%| F|  |TAMS 0x0000000086600000| PB 0x0000000086600000| Untracked 
|  29|0x0000000086700000, 0x0000000086700000, 0x0000000086800000|  0%| F|  |TAMS 0x0000000086700000| PB 0x0000000086700000| Untracked 
|  30|0x0000000086800000, 0x0000000086800000, 0x0000000086900000|  0%| F|  |TAMS 0x0000000086800000| PB 0x0000000086800000| Untracked 
|  31|0x0000000086900000, 0x0000000086900000, 0x0000000086a00000|  0%| F|  |TAMS 0x0000000086900000| PB 0x0000000086900000| Untracked 
|  32|0x0000000086a00000, 0x0000000086a00000, 0x0000000086b00000|  0%| F|  |TAMS 0x0000000086a00000| PB 0x0000000086a00000| Untracked 
|  33|0x0000000086b00000, 0x0000000086b00000, 0x0000000086c00000|  0%| F|  |TAMS 0x0000000086b00000| PB 0x0000000086b00000| Untracked 
|  34|0x0000000086c00000, 0x0000000086c00000, 0x0000000086d00000|  0%| F|  |TAMS 0x0000000086c00000| PB 0x0000000086c00000| Untracked 
|  35|0x0000000086d00000, 0x0000000086d00000, 0x0000000086e00000|  0%| F|  |TAMS 0x0000000086d00000| PB 0x0000000086d00000| Untracked 
|  36|0x0000000086e00000, 0x0000000086e00000, 0x0000000086f00000|  0%| F|  |TAMS 0x0000000086e00000| PB 0x0000000086e00000| Untracked 
|  37|0x0000000086f00000, 0x0000000086f00000, 0x0000000087000000|  0%| F|  |TAMS 0x0000000086f00000| PB 0x0000000086f00000| Untracked 
|  38|0x0000000087000000, 0x0000000087000000, 0x0000000087100000|  0%| F|  |TAMS 0x0000000087000000| PB 0x0000000087000000| Untracked 
|  39|0x0000000087100000, 0x0000000087100000, 0x0000000087200000|  0%| F|  |TAMS 0x0000000087100000| PB 0x0000000087100000| Untracked 
| 109|0x000000008b700000, 0x000000008b700000, 0x000000008b800000|  0%| F|  |TAMS 0x000000008b700000| PB 0x000000008b700000| Untracked 
| 110|0x000000008b800000, 0x000000008b800000, 0x000000008b900000|  0%| F|  |TAMS 0x000000008b800000| PB 0x000000008b800000| Untracked 
| 111|0x000000008b900000, 0x000000008b9775f0, 0x000000008ba00000| 46%| E|  |TAMS 0x000000008b900000| PB 0x000000008b900000| Complete 
| 112|0x000000008ba00000, 0x000000008bb00000, 0x000000008bb00000|100%| E|CS|TAMS 0x000000008ba00000| PB 0x000000008ba00000| Complete 
| 113|0x000000008bb00000, 0x000000008bc00000, 0x000000008bc00000|100%| E|CS|TAMS 0x000000008bb00000| PB 0x000000008bb00000| Complete 
| 123|0x000000008c500000, 0x000000008c600000, 0x000000008c600000|100%| E|  |TAMS 0x000000008c500000| PB 0x000000008c500000| Complete 

Card table byte_map: [0x0000016c78160000,0x0000016c78540000] _byte_map_base: 0x0000016c77d3b000

Marking Bits: (CMBitMap*) 0x0000016c6011fe80
 Bits: [0x0000016c78540000, 0x0000016c7a418000)

Polling page: 0x0000016c5e030000

Metaspace:

Usage:
  Non-class:     30.97 MB used.
      Class:      4.72 MB used.
       Both:     35.69 MB used.

Virtual space:
  Non-class space:       64.00 MB reserved,      31.19 MB ( 49%) committed,  1 nodes.
      Class space:        1.00 GB reserved,       4.88 MB ( <1%) committed,  1 nodes.
             Both:        1.06 GB reserved,      36.06 MB (  3%) committed. 

Chunk freelists:
   Non-Class:  400.00 KB
       Class:  11.11 MB
        Both:  11.50 MB

MaxMetaspaceSize: unlimited
CompressedClassSpaceSize: 1.00 GB
Initial GC threshold: 21.00 MB
Current GC threshold: 58.69 MB
CDS: on
 - commit_granule_bytes: 65536.
 - commit_granule_words: 8192.
 - virtual_space_node_default_size: 8388608.
 - enlarge_chunks_in_place: 1.
 - use_allocation_guard: 0.


Internal statistics:

num_allocs_failed_limit: 6.
num_arena_births: 390.
num_arena_deaths: 0.
num_vsnodes_births: 2.
num_vsnodes_deaths: 0.
num_space_committed: 577.
num_space_uncommitted: 0.
num_chunks_returned_to_freelist: 6.
num_chunks_taken_from_freelist: 1456.
num_chunk_merges: 6.
num_chunk_splits: 1053.
num_chunks_enlarged: 841.
num_inconsistent_stats: 0.

CodeHeap 'non-profiled nmethods': size=119168Kb used=1226Kb max_used=1314Kb free=117941Kb
 bounds [0x0000016c700a0000, 0x0000016c70310000, 0x0000016c77500000]
CodeHeap 'profiled nmethods': size=119104Kb used=5660Kb max_used=6203Kb free=113443Kb
 bounds [0x0000016c68500000, 0x0000016c68b10000, 0x0000016c6f950000]
CodeHeap 'non-nmethods': size=7488Kb used=1782Kb max_used=2927Kb free=5705Kb
 bounds [0x0000016c6f950000, 0x0000016c6fc30000, 0x0000016c700a0000]
 total_blobs=3582 nmethods=2934 adapters=552
 compilation: enabled
              stopped_count=0, restarted_count=0
 full_count=0

Compilation events (20 events):
Event: 7.518 Thread 0x0000016c7d3c4a10 3196       3       java.util.stream.Sink$ChainedReference::<init> (16 bytes)
Event: 7.519 Thread 0x0000016c7d3c4a10 nmethod 3196 0x0000016c6856d010 code [0x0000016c6856d1e0, 0x0000016c6856d618]
Event: 7.519 Thread 0x0000016c7d3c4a10 3198   !   3       java.io.StringReader::read (105 bytes)
Event: 7.520 Thread 0x0000016c7d3c4a10 nmethod 3198 0x0000016c68513890 code [0x0000016c68513ac0, 0x0000016c685142a0]
Event: 7.520 Thread 0x0000016c7d3c4a10 3199       3       java.io.StringReader::ensureOpen (18 bytes)
Event: 7.520 Thread 0x0000016c7d3c4a10 nmethod 3199 0x0000016c6852b390 code [0x0000016c6852b540, 0x0000016c6852b758]
Event: 7.520 Thread 0x0000016c7d3c4a10 3200       3       java.util.AbstractMap$SimpleImmutableEntry::<init> (15 bytes)
Event: 7.520 Thread 0x0000016c7d3c4a10 nmethod 3200 0x0000016c6852f310 code [0x0000016c6852f4c0, 0x0000016c6852f6e8]
Event: 7.520 Thread 0x0000016c7d3c4a10 3201       3       java.util.ArrayDeque::removeFirst (19 bytes)
Event: 7.521 Thread 0x0000016c7d3c4a10 nmethod 3201 0x0000016c688e4610 code [0x0000016c688e47e0, 0x0000016c688e4ab8]
Event: 7.526 Thread 0x0000016c7d3c4a10 3202       1       java.util.Formatter$FixedString::index (3 bytes)
Event: 7.526 Thread 0x0000016c7d3c4a10 nmethod 3202 0x0000016c70127690 code [0x0000016c70127820, 0x0000016c701278e8]
Event: 7.529 Thread 0x0000016c7d3c4a10 3203       3       java.util.stream.ReferencePipeline$StatelessOp::<init> (29 bytes)
Event: 7.529 Thread 0x0000016c7d3c4a10 nmethod 3203 0x0000016c6867e310 code [0x0000016c6867e4c0, 0x0000016c6867e680]
Event: 7.529 Thread 0x0000016c7d3c4a10 3204       3       jdk.internal.org.objectweb.asm.MethodVisitor::visitFieldInsn (20 bytes)
Event: 7.530 Thread 0x0000016c7d3c4a10 nmethod 3204 0x0000016c68689090 code [0x0000016c68689240, 0x0000016c68689450]
Event: 7.531 Thread 0x0000016c7d3c4a10 3205       3       java.lang.Character::isJavaIdentifierPart (9 bytes)
Event: 7.531 Thread 0x0000016c7d3c4a10 nmethod 3205 0x0000016c687a3210 code [0x0000016c687a33c0, 0x0000016c687a35b8]
Event: 7.532 Thread 0x0000016c7d3c4a10 3206       3       java.lang.CharacterDataLatin1::isJavaIdentifierPart (20 bytes)
Event: 7.532 Thread 0x0000016c7d3c4a10 nmethod 3206 0x0000016c685ede10 code [0x0000016c685edfc0, 0x0000016c685ee1d8]

GC Heap History (10 events):
Event: 1.013 GC heap before
{Heap before GC invocations=0 (full 0):
 garbage-first heap   total 126976K, used 23552K [0x0000000084a00000, 0x0000000100000000)
  region size 1024K, 23 young (23552K), 0 survivors (0K)
 Metaspace       used 6561K, committed 6912K, reserved 1114112K
  class space    used 747K, committed 896K, reserved 1048576K
}
Event: 1.027 GC heap after
{Heap after GC invocations=1 (full 0):
 garbage-first heap   total 126976K, used 6144K [0x0000000084a00000, 0x0000000100000000)
  region size 1024K, 3 young (3072K), 3 survivors (3072K)
 Metaspace       used 6561K, committed 6912K, reserved 1114112K
  class space    used 747K, committed 896K, reserved 1048576K
}
Event: 2.101 GC heap before
{Heap before GC invocations=1 (full 0):
 garbage-first heap   total 126976K, used 34816K [0x0000000084a00000, 0x0000000100000000)
  region size 1024K, 32 young (32768K), 3 survivors (3072K)
 Metaspace       used 18056K, committed 18368K, reserved 1114112K
  class space    used 2305K, committed 2432K, reserved 1048576K
}
Event: 2.114 GC heap after
{Heap after GC invocations=2 (full 0):
 garbage-first heap   total 126976K, used 9949K [0x0000000084a00000, 0x0000000100000000)
  region size 1024K, 4 young (4096K), 4 survivors (4096K)
 Metaspace       used 18056K, committed 18368K, reserved 1114112K
  class space    used 2305K, committed 2432K, reserved 1048576K
}
Event: 2.412 GC heap before
{Heap before GC invocations=2 (full 0):
 garbage-first heap   total 126976K, used 19165K [0x0000000084a00000, 0x0000000100000000)
  region size 1024K, 14 young (14336K), 4 survivors (4096K)
 Metaspace       used 21199K, committed 21504K, reserved 1114112K
  class space    used 2667K, committed 2816K, reserved 1048576K
}
Event: 2.423 GC heap after
{Heap after GC invocations=3 (full 0):
 garbage-first heap   total 126976K, used 10752K [0x0000000084a00000, 0x0000000100000000)
  region size 1024K, 5 young (5120K), 5 survivors (5120K)
 Metaspace       used 21199K, committed 21504K, reserved 1114112K
  class space    used 2667K, committed 2816K, reserved 1048576K
}
Event: 3.217 GC heap before
{Heap before GC invocations=4 (full 0):
 garbage-first heap   total 40960K, used 40448K [0x0000000084a00000, 0x0000000100000000)
  region size 1024K, 34 young (34816K), 5 survivors (5120K)
 Metaspace       used 29625K, committed 30016K, reserved 1114112K
  class space    used 3897K, committed 4096K, reserved 1048576K
}
Event: 3.227 GC heap after
{Heap after GC invocations=5 (full 0):
 garbage-first heap   total 47104K, used 12172K [0x0000000084a00000, 0x0000000100000000)
  region size 1024K, 6 young (6144K), 6 survivors (6144K)
 Metaspace       used 29625K, committed 30016K, reserved 1114112K
  class space    used 3897K, committed 4096K, reserved 1048576K
}
Event: 3.891 GC heap before
{Heap before GC invocations=5 (full 0):
 garbage-first heap   total 47104K, used 30604K [0x0000000084a00000, 0x0000000100000000)
  region size 1024K, 26 young (26624K), 6 survivors (6144K)
 Metaspace       used 35674K, committed 35968K, reserved 1114112K
  class space    used 4713K, committed 4864K, reserved 1048576K
}
Event: 3.896 GC heap after
{Heap after GC invocations=6 (full 0):
 garbage-first heap   total 47104K, used 14531K [0x0000000084a00000, 0x0000000100000000)
  region size 1024K, 4 young (4096K), 4 survivors (4096K)
 Metaspace       used 35674K, committed 35968K, reserved 1114112K
  class space    used 4713K, committed 4864K, reserved 1048576K
}

Dll operation events (12 events):
Event: 0.012 Loaded shared library C:\Users\obief\.jdks\openjdk-21.0.1\bin\java.dll
Event: 0.059 Loaded shared library C:\Users\obief\.jdks\openjdk-21.0.1\bin\jsvml.dll
Event: 0.163 Loaded shared library C:\Users\obief\.jdks\openjdk-21.0.1\bin\zip.dll
Event: 0.170 Loaded shared library C:\Users\obief\.jdks\openjdk-21.0.1\bin\instrument.dll
Event: 0.177 Loaded shared library C:\Users\obief\.jdks\openjdk-21.0.1\bin\net.dll
Event: 0.179 Loaded shared library C:\Users\obief\.jdks\openjdk-21.0.1\bin\nio.dll
Event: 0.186 Loaded shared library C:\Users\obief\.jdks\openjdk-21.0.1\bin\zip.dll
Event: 0.353 Loaded shared library C:\Program Files\JetBrains\IntelliJ IDEA 2023.2.3\bin\breakgen64.dll
Event: 0.362 Loaded shared library C:\Users\obief\.jdks\openjdk-21.0.1\bin\extnet.dll
Event: 0.392 Loaded shared library C:\Users\obief\.jdks\openjdk-21.0.1\bin\verify.dll
Event: 0.395 Loaded shared library C:\Users\obief\.jdks\openjdk-21.0.1\bin\jimage.dll
Event: 3.582 Loaded shared library C:\Users\obief\.jdks\openjdk-21.0.1\bin\sunmscapi.dll

Deoptimization events (20 events):
Event: 7.195 Thread 0x0000016c7e77e980 Uncommon trap: trap_request=0xffffff45 fr.pc=0x0000016c7016c8c4 relative=0x0000000000003764
Event: 7.195 Thread 0x0000016c7e77e980 Uncommon trap: reason=unstable_if action=reinterpret pc=0x0000016c7016c8c4 method=java.net.URL.<init>(Ljava/net/URL;Ljava/lang/String;Ljava/net/URLStreamHandler;)V @ 57 c2
Event: 7.195 Thread 0x0000016c7e77e980 DEOPT PACKING pc=0x0000016c7016c8c4 sp=0x000000032b3fec30
Event: 7.195 Thread 0x0000016c7e77e980 DEOPT UNPACKING pc=0x0000016c6f9a7da2 sp=0x000000032b3febe0 mode 2
Event: 7.518 Thread 0x0000016c45bd36f0 Uncommon trap: trap_request=0xffffffde fr.pc=0x0000016c701e5ec0 relative=0x0000000000000920
Event: 7.518 Thread 0x0000016c45bd36f0 Uncommon trap: reason=class_check action=maybe_recompile pc=0x0000016c701e5ec0 method=org.openqa.selenium.json.Input.init()V @ 18 c2
Event: 7.518 Thread 0x0000016c45bd36f0 DEOPT PACKING pc=0x0000016c701e5ec0 sp=0x000000032b7fecb0
Event: 7.518 Thread 0x0000016c45bd36f0 DEOPT UNPACKING pc=0x0000016c6f9a7da2 sp=0x000000032b7fec98 mode 2
Event: 7.518 Thread 0x0000016c45bd36f0 Uncommon trap: trap_request=0xffffffde fr.pc=0x0000016c701e5ec0 relative=0x0000000000000920
Event: 7.518 Thread 0x0000016c45bd36f0 Uncommon trap: reason=class_check action=maybe_recompile pc=0x0000016c701e5ec0 method=org.openqa.selenium.json.Input.init()V @ 18 c2
Event: 7.518 Thread 0x0000016c45bd36f0 DEOPT PACKING pc=0x0000016c701e5ec0 sp=0x000000032b7fe830
Event: 7.518 Thread 0x0000016c45bd36f0 DEOPT UNPACKING pc=0x0000016c6f9a7da2 sp=0x000000032b7fe818 mode 2
Event: 7.518 Thread 0x0000016c45bd36f0 Uncommon trap: trap_request=0xffffffde fr.pc=0x0000016c701e5ec0 relative=0x0000000000000920
Event: 7.518 Thread 0x0000016c45bd36f0 Uncommon trap: reason=class_check action=maybe_recompile pc=0x0000016c701e5ec0 method=org.openqa.selenium.json.Input.init()V @ 18 c2
Event: 7.518 Thread 0x0000016c45bd36f0 DEOPT PACKING pc=0x0000016c701e5ec0 sp=0x000000032b7fe290
Event: 7.518 Thread 0x0000016c45bd36f0 DEOPT UNPACKING pc=0x0000016c6f9a7da2 sp=0x000000032b7fe278 mode 2
Event: 7.518 Thread 0x0000016c45bd36f0 Uncommon trap: trap_request=0xffffffde fr.pc=0x0000016c701e5ec0 relative=0x0000000000000920
Event: 7.518 Thread 0x0000016c45bd36f0 Uncommon trap: reason=class_check action=maybe_recompile pc=0x0000016c701e5ec0 method=org.openqa.selenium.json.Input.init()V @ 18 c2
Event: 7.518 Thread 0x0000016c45bd36f0 DEOPT PACKING pc=0x0000016c701e5ec0 sp=0x000000032b7fe290
Event: 7.518 Thread 0x0000016c45bd36f0 DEOPT UNPACKING pc=0x0000016c6f9a7da2 sp=0x000000032b7fe278 mode 2

Classes loaded (20 events):
Event: 7.528 Loading class java/lang/StackStreamFactory$StackFrameTraverser
Event: 7.528 Loading class java/lang/StackStreamFactory$StackFrameTraverser done
Event: 7.528 Loading class java/lang/StackStreamFactory$WalkerState
Event: 7.528 Loading class java/lang/StackStreamFactory$WalkerState done
Event: 7.528 Loading class java/lang/StackStreamFactory$StackFrameTraverser$StackFrameBuffer
Event: 7.528 Loading class java/lang/StackStreamFactory$FrameBuffer
Event: 7.528 Loading class java/lang/StackStreamFactory$FrameBuffer done
Event: 7.528 Loading class java/lang/StackStreamFactory$StackFrameTraverser$StackFrameBuffer done
Event: 7.530 Loading class java/util/logging/Level$RbAccess
Event: 7.530 Loading class java/util/logging/Level$RbAccess done
Event: 7.530 Loading class sun/util/logging/resources/logging
Event: 7.531 Loading class sun/util/logging/resources/logging done
Event: 7.531 Loading class sun/util/logging/resources/logging_en
Event: 7.531 Loading class sun/util/logging/resources/logging_en done
Event: 7.531 Loading class sun/util/logging/resources/logging_en
Event: 7.531 Loading class sun/util/logging/resources/logging_en done
Event: 7.531 Loading class sun/util/logging/resources/logging_en_US
Event: 7.531 Loading class sun/util/logging/resources/logging_en_US done
Event: 7.531 Loading class sun/util/logging/resources/logging_en_US
Event: 7.531 Loading class sun/util/logging/resources/logging_en_US done

Classes unloaded (0 events):
No events

Classes redefined (0 events):
No events

Internal exceptions (20 events):
Event: 3.756 Thread 0x0000016c4550ede0 Exception <a 'java/lang/NoSuchMethodError'{0x00000000863084d8}: 'java.lang.Object java.lang.invoke.DirectMethodHandle$Holder.invokeStatic(java.lang.Object, long, java.lang.Object)'> (0x00000000863084d8) 
thrown [s\open\src\hotspot\share\interpreter\linkResolver.cpp, line 773]
Event: 3.756 Thread 0x0000016c4550ede0 Exception <a 'java/lang/NoSuchMethodError'{0x000000008630b880}: 'java.lang.Object java.lang.invoke.DirectMethodHandle$Holder.invokeStaticInit(java.lang.Object, long, java.lang.Object)'> (0x000000008630b880) 
thrown [s\open\src\hotspot\share\interpreter\linkResolver.cpp, line 773]
Event: 3.761 Thread 0x0000016c45bd36f0 Exception <a 'java/net/ConnectException'{0x00000000864de800}: Connection refused: no further information> (0x00000000864de800) 
thrown [s\open\src\hotspot\share\prims\jni.cpp, line 539]
Event: 3.761 Thread 0x0000016c45bd36f0 Exception <a 'java/net/ConnectException'{0x00000000864df068}: Connection refused: no further information> (0x00000000864df068) 
thrown [s\open\src\hotspot\share\prims\jni.cpp, line 539]
Event: 3.761 Thread 0x0000016c45bd36f0 Exception <a 'java/net/ConnectException'{0x00000000864df8d0}: Connection refused: no further information> (0x00000000864df8d0) 
thrown [s\open\src\hotspot\share\prims\jni.cpp, line 539]
Event: 3.776 Thread 0x0000016c45bd36f0 Exception <a 'java/net/ConnectException'{0x00000000864e0138}: Connection refused: no further information> (0x00000000864e0138) 
thrown [s\open\src\hotspot\share\prims\jni.cpp, line 539]
Event: 3.777 Thread 0x0000016c45bd36f0 Exception <a 'java/net/ConnectException'{0x00000000864e09a0}: Connection refused: no further information> (0x00000000864e09a0) 
thrown [s\open\src\hotspot\share\prims\jni.cpp, line 539]
Event: 3.777 Thread 0x0000016c45bd36f0 Exception <a 'java/net/ConnectException'{0x00000000864e1208}: Connection refused: no further information> (0x00000000864e1208) 
thrown [s\open\src\hotspot\share\prims\jni.cpp, line 539]
Event: 3.777 Thread 0x0000016c45bd36f0 Exception <a 'java/net/ConnectException'{0x00000000864e1a70}: Connection refused: no further information> (0x00000000864e1a70) 
thrown [s\open\src\hotspot\share\prims\jni.cpp, line 539]
Event: 3.777 Thread 0x0000016c45bd36f0 Exception <a 'java/net/ConnectException'{0x00000000864e22d8}: Connection refused: no further information> (0x00000000864e22d8) 
thrown [s\open\src\hotspot\share\prims\jni.cpp, line 539]
Event: 3.792 Thread 0x0000016c45bd36f0 Exception <a 'java/net/ConnectException'{0x00000000864e2b40}: Connection refused: no further information> (0x00000000864e2b40) 
thrown [s\open\src\hotspot\share\prims\jni.cpp, line 539]
Event: 3.801 Thread 0x0000016c45bd36f0 Exception <a 'java/lang/NoSuchMethodError'{0x00000000863a10a8}: 'java.lang.Object java.lang.invoke.DirectMethodHandle$Holder.invokeInterface(java.lang.Object, java.lang.Object, java.lang.Object)'> (0x00000000863a10a8) 
thrown [s\open\src\hotspot\share\interpreter\linkResolver.cpp, line 773]
Event: 3.802 Thread 0x0000016c45bd36f0 Exception <a 'java/lang/IncompatibleClassChangeError'{0x00000000863a4598}: Found class java.lang.Object, but interface was expected> (0x00000000863a4598) 
thrown [s\open\src\hotspot\share\interpreter\linkResolver.cpp, line 840]
Event: 3.802 Thread 0x0000016c45bd36f0 Exception <a 'java/lang/NoSuchMethodError'{0x00000000863aa0e8}: 'int java.lang.invoke.DirectMethodHandle$Holder.invokeSpecialIFC(java.lang.Object, java.lang.Object, java.lang.Object, java.lang.Object)'> (0x00000000863aa0e8) 
thrown [s\open\src\hotspot\share\interpreter\linkResolver.cpp, line 773]
Event: 3.807 Thread 0x0000016c45bd36f0 Exception <a 'java/lang/NoSuchMethodError'{0x00000000863fcb38}: 'double java.lang.invoke.DirectMethodHandle$Holder.invokeVirtual(java.lang.Object, java.lang.Object)'> (0x00000000863fcb38) 
thrown [s\open\src\hotspot\share\interpreter\linkResolver.cpp, line 773]
Event: 3.807 Thread 0x0000016c45bd36f0 Exception <a 'java/lang/NoSuchMethodError'{0x0000000086202f18}: 'float java.lang.invoke.DirectMethodHandle$Holder.invokeVirtual(java.lang.Object, java.lang.Object)'> (0x0000000086202f18) 
thrown [s\open\src\hotspot\share\interpreter\linkResolver.cpp, line 773]
Event: 3.808 Thread 0x0000016c45bd36f0 Exception <a 'java/lang/NoSuchMethodError'{0x000000008620ae10}: 'long java.lang.invoke.DirectMethodHandle$Holder.invokeVirtual(java.lang.Object, java.lang.Object)'> (0x000000008620ae10) 
thrown [s\open\src\hotspot\share\interpreter\linkResolver.cpp, line 773]
Event: 3.856 Thread 0x0000016c45bd36f0 Exception <a 'java/lang/NoSuchMethodError'{0x00000000860f1ad8}: 'void java.lang.invoke.DirectMethodHandle$Holder.invokeStatic(java.lang.Object, java.lang.Object, java.lang.Object, java.lang.Object, java.lang.Object, java.lang.Object)'> (0x00000000860f1ad8) 
thrown [s\open\src\hotspot\share\interpreter\linkResolver.cpp, line 773]
Event: 7.522 Thread 0x0000016c45bd36f0 Exception <a 'java/lang/NoSuchMethodError'{0x000000008baae518}: 'java.lang.Object java.lang.invoke.DirectMethodHandle$Holder.invokeSpecialIFC(java.lang.Object, java.lang.Object, java.lang.Object)'> (0x000000008baae518) 
thrown [s\open\src\hotspot\share\interpreter\linkResolver.cpp, line 773]
Event: 7.530 Thread 0x0000016c45bd36f0 Exception <a 'java/lang/ClassNotFoundException'{0x000000008bad5288}: sun/util/logging/resources/spi/loggingProvider> (0x000000008bad5288) 
thrown [s\open\src\hotspot\share\classfile\systemDictionary.cpp, line 312]

ZGC Phase Switch (0 events):
No events

VM Operations (20 events):
Event: 3.116 Executing VM operation: ICBufferFull
Event: 3.116 Executing VM operation: ICBufferFull done
Event: 3.217 Executing VM operation: G1CollectForAllocation (G1 Evacuation Pause)
Event: 3.227 Executing VM operation: G1CollectForAllocation (G1 Evacuation Pause) done
Event: 3.381 Executing VM operation: HandshakeAllThreads (Deoptimize)
Event: 3.381 Executing VM operation: HandshakeAllThreads (Deoptimize) done
Event: 3.408 Executing VM operation: HandshakeAllThreads (Deoptimize)
Event: 3.408 Executing VM operation: HandshakeAllThreads (Deoptimize) done
Event: 3.634 Executing VM operation: HandshakeAllThreads (Deoptimize)
Event: 3.634 Executing VM operation: HandshakeAllThreads (Deoptimize) done
Event: 3.842 Executing VM operation: HandshakeAllThreads (Deoptimize)
Event: 3.842 Executing VM operation: HandshakeAllThreads (Deoptimize) done
Event: 3.891 Executing VM operation: CollectForMetadataAllocation (Metadata GC Threshold)
Event: 3.897 Executing VM operation: CollectForMetadataAllocation (Metadata GC Threshold) done
Event: 3.903 Executing VM operation: G1PauseRemark
Event: 3.907 Executing VM operation: G1PauseRemark done
Event: 3.909 Executing VM operation: G1PauseCleanup
Event: 3.909 Executing VM operation: G1PauseCleanup done
Event: 4.915 Executing VM operation: Cleanup
Event: 4.915 Executing VM operation: Cleanup done

Events (20 events):
Event: 3.906 Thread 0x0000016c7d38f1b0 flushing nmethod 0x0000016c700e1b90
Event: 3.906 Thread 0x0000016c7d38f1b0 flushing nmethod 0x0000016c700edf10
Event: 3.906 Thread 0x0000016c7d38f1b0 flushing nmethod 0x0000016c700e6c10
Event: 3.906 Thread 0x0000016c7d38f1b0 flushing nmethod 0x0000016c700e6590
Event: 3.906 Thread 0x0000016c7d38f1b0 flushing nmethod 0x0000016c700d5990
Event: 3.906 Thread 0x0000016c7d38f1b0 flushing nmethod 0x0000016c700e1090
Event: 3.906 Thread 0x0000016c7d38f1b0 flushing nmethod 0x0000016c700d7710
Event: 3.906 Thread 0x0000016c7d38f1b0 flushing nmethod 0x0000016c700d6a90
Event: 3.906 Thread 0x0000016c7d38f1b0 flushing nmethod 0x0000016c700bbc10
Event: 3.906 Thread 0x0000016c7d38f1b0 flushing nmethod 0x0000016c700b0a10
Event: 3.906 Thread 0x0000016c7d38f1b0 flushing nmethod 0x0000016c700be710
Event: 3.906 Thread 0x0000016c7d38f1b0 flushing nmethod 0x0000016c700b5710
Event: 3.906 Thread 0x0000016c7d38f1b0 flushing nmethod 0x0000016c700ae490
Event: 3.906 Thread 0x0000016c7d38f1b0 flushing nmethod 0x0000016c700a1f90
Event: 3.906 Thread 0x0000016c7d38f1b0 flushing nmethod 0x0000016c700a1490
Event: 3.906 Thread 0x0000016c7d38f1b0 flushing nmethod 0x0000016c700a0a10
Event: 3.957 Thread 0x0000016c460207d0 Thread added: 0x0000016c460207d0
Event: 3.959 Thread 0x0000016c460214f0 Thread added: 0x0000016c460214f0
Event: 7.509 Thread 0x0000016c7d600390 Thread exited: 0x0000016c7d600390
Event: 7.509 Thread 0x0000016c7d605da0 Thread exited: 0x0000016c7d605da0


Dynamic libraries:
0x00007ff72f7e0000 - 0x00007ff72f7ee000 	C:\Users\obief\.jdks\openjdk-21.0.1\bin\java.exe
0x00007ffbce830000 - 0x00007ffbcea47000 	C:\WINDOWS\SYSTEM32\ntdll.dll
0x00007ffbcc670000 - 0x00007ffbcc734000 	C:\WINDOWS\System32\KERNEL32.DLL
0x00007ffbcbd90000 - 0x00007ffbcc13c000 	C:\WINDOWS\System32\KERNELBASE.dll
0x00007ffbcc140000 - 0x00007ffbcc251000 	C:\WINDOWS\System32\ucrtbase.dll
0x00007ffbc71e0000 - 0x00007ffbc71fb000 	C:\Users\obief\.jdks\openjdk-21.0.1\bin\VCRUNTIME140.dll
0x00007ffbc8780000 - 0x00007ffbc8798000 	C:\Users\obief\.jdks\openjdk-21.0.1\bin\jli.dll
0x00007ffbcd200000 - 0x00007ffbcd3ae000 	C:\WINDOWS\System32\USER32.dll
0x00007ffbcbbd0000 - 0x00007ffbcbbf6000 	C:\WINDOWS\System32\win32u.dll
0x00007ffbb6830000 - 0x00007ffbb6ac3000 	C:\WINDOWS\WinSxS\amd64_microsoft.windows.common-controls_6595b64144ccf1df_6.0.22621.3672_none_2713b9d173822955\COMCTL32.dll
0x00007ffbcd9b0000 - 0x00007ffbcd9d9000 	C:\WINDOWS\System32\GDI32.dll
0x00007ffbcc740000 - 0x00007ffbcc7e7000 	C:\WINDOWS\System32\msvcrt.dll
0x00007ffbcc450000 - 0x00007ffbcc569000 	C:\WINDOWS\System32\gdi32full.dll
0x00007ffbcbcf0000 - 0x00007ffbcbd8a000 	C:\WINDOWS\System32\msvcp_win.dll
0x00007ffbcd9e0000 - 0x00007ffbcda11000 	C:\WINDOWS\System32\IMM32.DLL
0x00007ffbc8770000 - 0x00007ffbc877c000 	C:\Users\obief\.jdks\openjdk-21.0.1\bin\vcruntime140_1.dll
0x00007ffbb4c40000 - 0x00007ffbb4cce000 	C:\Users\obief\.jdks\openjdk-21.0.1\bin\msvcp140.dll
0x00007ffb60740000 - 0x00007ffb61455000 	C:\Users\obief\.jdks\openjdk-21.0.1\bin\server\jvm.dll
0x00007ffbcc940000 - 0x00007ffbcc9f2000 	C:\WINDOWS\System32\ADVAPI32.dll
0x00007ffbcd070000 - 0x00007ffbcd11a000 	C:\WINDOWS\System32\sechost.dll
0x00007ffbcbcc0000 - 0x00007ffbcbce8000 	C:\WINDOWS\System32\bcrypt.dll
0x00007ffbcda20000 - 0x00007ffbcdb35000 	C:\WINDOWS\System32\RPCRT4.dll
0x00007ffbcc570000 - 0x00007ffbcc5e1000 	C:\WINDOWS\System32\WS2_32.dll
0x00007ffbca9f0000 - 0x00007ffbcaa3d000 	C:\WINDOWS\SYSTEM32\POWRPROF.dll
0x00007ffbc6190000 - 0x00007ffbc619a000 	C:\WINDOWS\SYSTEM32\VERSION.dll
0x00007ffbc5dd0000 - 0x00007ffbc5e04000 	C:\WINDOWS\SYSTEM32\WINMM.dll
0x00007ffbca9d0000 - 0x00007ffbca9e3000 	C:\WINDOWS\SYSTEM32\UMPDC.dll
0x00007ffbcac80000 - 0x00007ffbcac98000 	C:\WINDOWS\SYSTEM32\kernel.appcore.dll
0x00007ffbb4c30000 - 0x00007ffbb4c3a000 	C:\Users\obief\.jdks\openjdk-21.0.1\bin\jimage.dll
0x00007ffbc8ea0000 - 0x00007ffbc90d2000 	C:\WINDOWS\SYSTEM32\DBGHELP.DLL
0x00007ffbcd3b0000 - 0x00007ffbcd738000 	C:\WINDOWS\System32\combase.dll
0x00007ffbcce80000 - 0x00007ffbccf57000 	C:\WINDOWS\System32\OLEAUT32.dll
0x00007ffbb1cb0000 - 0x00007ffbb1ce2000 	C:\WINDOWS\SYSTEM32\dbgcore.DLL
0x00007ffbcc3d0000 - 0x00007ffbcc44b000 	C:\WINDOWS\System32\bcryptPrimitives.dll
0x00007ffbb1de0000 - 0x00007ffbb1def000 	C:\Users\obief\.jdks\openjdk-21.0.1\bin\instrument.dll
0x00007ffbb4c10000 - 0x00007ffbb4c2f000 	C:\Users\obief\.jdks\openjdk-21.0.1\bin\java.dll
0x00007ffbcddc0000 - 0x00007ffbce61c000 	C:\WINDOWS\System32\SHELL32.dll
0x00007ffbc9a70000 - 0x00007ffbca367000 	C:\WINDOWS\SYSTEM32\windows.storage.dll
0x00007ffbc9930000 - 0x00007ffbc9a6f000 	C:\WINDOWS\SYSTEM32\wintypes.dll
0x00007ffbcc840000 - 0x00007ffbcc934000 	C:\WINDOWS\System32\SHCORE.dll
0x00007ffbcc5f0000 - 0x00007ffbcc64e000 	C:\WINDOWS\System32\shlwapi.dll
0x00007ffbcba90000 - 0x00007ffbcbab1000 	C:\WINDOWS\SYSTEM32\profapi.dll
0x00007ffbacc70000 - 0x00007ffbacd47000 	C:\Users\obief\.jdks\openjdk-21.0.1\bin\jsvml.dll
0x00007ffbb4bc0000 - 0x00007ffbb4bd8000 	C:\Users\obief\.jdks\openjdk-21.0.1\bin\zip.dll
0x00007ffbb4c00000 - 0x00007ffbb4c10000 	C:\Users\obief\.jdks\openjdk-21.0.1\bin\net.dll
0x00007ffbc74f0000 - 0x00007ffbc7626000 	C:\WINDOWS\SYSTEM32\WINHTTP.dll
0x00007ffbcb0f0000 - 0x00007ffbcb159000 	C:\WINDOWS\system32\mswsock.dll
0x00007ffbb4be0000 - 0x00007ffbb4bf6000 	C:\Users\obief\.jdks\openjdk-21.0.1\bin\nio.dll
0x00007ffbb1d90000 - 0x00007ffbb1daa000 	C:\Program Files\JetBrains\IntelliJ IDEA 2023.2.3\bin\breakgen64.dll
0x00007ffbb4bb0000 - 0x00007ffbb4bb7000 	C:\Users\obief\.jdks\openjdk-21.0.1\bin\extnet.dll
0x00007ffbb1df0000 - 0x00007ffbb1e00000 	C:\Users\obief\.jdks\openjdk-21.0.1\bin\verify.dll
0x00007ffbcb350000 - 0x00007ffbcb36b000 	C:\WINDOWS\SYSTEM32\CRYPTSP.dll
0x00007ffbcabe0000 - 0x00007ffbcac15000 	C:\WINDOWS\system32\rsaenh.dll
0x00007ffbcb1f0000 - 0x00007ffbcb218000 	C:\WINDOWS\SYSTEM32\USERENV.dll
0x00007ffbcb370000 - 0x00007ffbcb37c000 	C:\WINDOWS\SYSTEM32\CRYPTBASE.dll
0x00007ffbca690000 - 0x00007ffbca6bd000 	C:\WINDOWS\SYSTEM32\IPHLPAPI.DLL
0x00007ffbccf60000 - 0x00007ffbccf69000 	C:\WINDOWS\System32\NSI.dll
0x00007ffbca6c0000 - 0x00007ffbca7b8000 	C:\WINDOWS\SYSTEM32\DNSAPI.dll
0x000000006bbf0000 - 0x000000006bc16000 	C:\Program Files\Bonjour\mdnsNSP.dll
0x00007ffbc60b0000 - 0x00007ffbc60ba000 	C:\Windows\System32\rasadhlp.dll
0x00007ffbc6020000 - 0x00007ffbc60a3000 	C:\WINDOWS\System32\fwpuclnt.dll
0x00007ffbb1db0000 - 0x00007ffbb1dbe000 	C:\Users\obief\.jdks\openjdk-21.0.1\bin\sunmscapi.dll
0x00007ffbcc260000 - 0x00007ffbcc3c7000 	C:\WINDOWS\System32\CRYPT32.dll
0x00007ffbcb510000 - 0x00007ffbcb53e000 	C:\WINDOWS\SYSTEM32\ncrypt.dll
0x00007ffbcb4d0000 - 0x00007ffbcb507000 	C:\WINDOWS\SYSTEM32\NTASN1.dll

dbghelp: loaded successfully - version: 4.0.5 - missing functions: none
symbol engine: initialized successfully - sym options: 0x614 - pdb path: .;C:\Users\obief\.jdks\openjdk-21.0.1\bin;C:\WINDOWS\SYSTEM32;C:\WINDOWS\WinSxS\amd64_microsoft.windows.common-controls_6595b64144ccf1df_6.0.22621.3672_none_2713b9d173822955;C:\Users\obief\.jdks\openjdk-21.0.1\bin\server;C:\Program Files\JetBrains\IntelliJ IDEA 2023.2.3\bin;C:\Program Files\Bonjour

VM Arguments:
jvm_args: -javaagent:C:\Program Files\JetBrains\IntelliJ IDEA 2023.2.3\lib\idea_rt.jar=57693:C:\Program Files\JetBrains\IntelliJ IDEA 2023.2.3\bin -Dfile.encoding=UTF-8 -Dsun.stdout.encoding=UTF-8 -Dsun.stderr.encoding=UTF-8 
java_command: com.bookmatch.Main
java_class_path (initial): C:\Users\obief\Desktop\bookMatchWebScraper\target\classes;C:\Users\obief\.m2\repository\org\tinylog\tinylog\1.3.6\tinylog-1.3.6.jar;C:\Users\obief\.m2\repository\org\springframework\spring-context\6.0.13\spring-context-6.0.13.jar;C:\Users\obief\.m2\repository\org\springframework\spring-aop\6.0.13\spring-aop-6.0.13.jar;C:\Users\obief\.m2\repository\org\springframework\spring-beans\6.0.13\spring-beans-6.0.13.jar;C:\Users\obief\.m2\repository\org\springframework\spring-core\6.0.13\spring-core-6.0.13.jar;C:\Users\obief\.m2\repository\org\springframework\spring-jcl\6.0.13\spring-jcl-6.0.13.jar;C:\Users\obief\.m2\repository\org\springframework\spring-expression\6.0.13\spring-expression-6.0.13.jar;C:\Users\obief\.m2\repository\net\bytebuddy\byte-buddy\1.14.9\byte-buddy-1.14.9.jar;C:\Users\obief\.m2\repository\org\apache\maven\plugins\maven-javadoc-plugin\3.6.0\maven-javadoc-plugin-3.6.0.jar;C:\Users\obief\.m2\repository\javax\inject\javax.inject\1\javax.inject-1.jar;C:\Users\obief\.m2\repository\org\apache\maven\reporting\maven-reporting-api\3.1.1\maven-reporting-api-3.1.1.jar;C:\Users\obief\.m2\repository\org\apache\maven\maven-archiver\3.6.0\maven-archiver-3.6.0.jar;C:\Users\obief\.m2\repository\org\codehaus\plexus\plexus-interpolation\1.26\plexus-interpolation-1.26.jar;C:\Users\obief\.m2\repository\org\apache\maven\shared\maven-invoker\3.2.0\maven-invoker-3.2.0.jar;C:\Users\obief\.m2\repository\org\apache\maven\shared\maven-shared-utils\3.4.2\maven-shared-utils-3.4.2.jar;C:\Users\obief\.m2\repository\org\slf4j\slf4j-api\1.7.36\slf4j-api-1.7.36.jar;C:\Users\obief\.m2\repository\org\apache\maven\shared\maven-common-artifact-filters\3.2.0\maven-common-artifact-filters-3.2.0.jar;C:\Users\obief\.m2\repository\org\apache\maven\maven-artifact\3.1.1\maven-artifact-3.1.1.jar;C:\Users\obief\.m2\repository\org\apache\maven\maven-model\3.1.1\maven-model-3.1.1.jar;C:\Users\obief\.m2\repository\org\apache\maven\maven-core\3.1.1\maven-core-3.1.1.jar;C:\Users\obief\.m2\repository\org\apache\maven\maven-settings\3.1.1\maven-settings-3.1.1.jar;C:\Users\obief\.m2\repository\org\apache\maven\maven-settings-builder\3.1.1\maven-settings-builder-3.1.1.jar;C:\Users\obief\.m2\repository\org\apache\maven\maven-repository-metadata\3.1.1\maven-repository-metadata-3.1.1.jar;C:\Users\obief\.m2\repository\org\apache\maven\maven-model-builder\3.1.1\maven-model-builder-3.1.1.jar;C:\Users\obief\.m2\repository\org\apache\maven\maven-aether-provider\3.1.1\maven-aether-provider-3.1.1.jar;C:\Users\obief\.m2\repository\org\eclipse\aether\aether-spi\0.9.0.M2\aether-spi-0.9.0.M2.jar;C:\Users\obief\.m2\repository\org\eclipse\aether\aether-impl\0.9.0.M2\aether-impl-0.9.0.M2.jar;C:\Users\obief\.m2\repository\org\codehaus\plexus\plexus-classworlds\2.5.1\plexus-classworlds-2.5.1.jar;C:\Users\obief\.m2\repository\org\sonatype\plexus\plexus-sec-dispatcher\1.3\plexus-sec-dispatcher-1.3.jar;C:\Users\obief\.m2\repository\org\sonatype\plexus\plexus-cipher\1.4\plexus-cipher-1.4.jar;C:\Users\obief\.m2\repository\org\apache\maven\maven-plugin-api\3.1.1\maven-plugin-api-3.1.1.jar;C:\Users\obief\.m2\repository\org\eclipse\aether\aether-api\0.9.0.M2\aether-api-0.9.0.M2.jar;C:\Users\obief\.m2\repository\org\eclipse\aether\aether-util\0.9.0.M2\aether-util-0.9.0.M2.jar;C:\Users\obief\.m2\repository\org\eclipse\sisu\org.eclipse.sisu.plexus\0.0.0.M5\org.eclipse.sisu.plexus-0.0.0.M5.jar;C:\Users\obief\.m2\repository\javax\enterprise\cdi-api\1.0\cdi-api-1.0.jar;C:\Users\obief\.m2\repository\javax\annotation\jsr250-api\1.0\jsr250-api-1.0.jar;C:\Users\obief\.m2\repository\org\sonatype\sisu\sisu-guice\3.1.0\sisu-guice-3.1.0-no_aop.jar;C:\Users\obief\.m2\repository\aopalliance\aopalliance\1.0\aopalliance-1.0.jar;C:\Users\obief\.m2\repository\org\eclipse\sisu\org.eclipse.sisu.inject\0.0.0.M5\org.eclipse.sisu.inject-0.0.0.M5.jar;C:\Users\obief\.m2\repository\org\apache\maven\doxia\doxia-sink-api\1.11.1\doxia-sink-api-1.11.1.jar;C:\Users\obief\.m2\repository\org\apache\maven\doxia\doxia-logging-api\1.11.1\doxia-logging-api-1.11.1.jar;C:\Users\obief\.m2\repository\org\apache\maven\doxia\doxia-site-renderer\1.11.1\doxia-site-renderer-1.11.1.jar;C:\Users\obief\.m2\repository\org\apache\maven\doxia\doxia-core\1.11.1\doxia-core-1.11.1.jar;C:\Users\obief\.m2\repository\org\apache\maven\doxia\doxia-decoration-model\1.11.1\doxia-decoration-model-1.11.1.jar;C:\Users\obief\.m2\repository\org\apache\maven\doxia\doxia-skin-model\1.11.1\doxia-skin-model-1.11.1.jar;C:\Users\obief\.m2\repository\org\apache\maven\doxia\doxia-module-xhtml\1.11.1\doxia-module-xhtml-1.11.1.jar;C:\Users\obief\.m2\repository\org\apache\maven\doxia\doxia-module-xhtml5\1.11.1\doxia-module-xhtml5-1.11.1.jar;C:\Users\obief\.m2\repository\org\codehaus\plexus\plexus-component-annotations\2.0.0\plexus-component-annotations-2.0.0.jar;C:\Users\obief\.m2\repository\org\codehaus\plexus\plexus-i18n\1.0-beta-10\plexus-i18n-1.0-beta-10.jar;C:\Users\obief\.m2\repository\org\codehaus\plexus\plexus-container-default\1.0-alpha-30\plexus-container-default-1.0-alpha-30.jar;C:\Users\obief\.m2\repository\org\codehaus\plexus\plexus-velocity\1.2\plexus-velocity-1.2.jar;C:\Users\obief\.m2\repository\org\apache\velocity\velocity\1.7\velocity-1.7.jar;C:\Users\obief\.m2\repository\commons-lang\commons-lang\2.4\commons-lang-2.4.jar;C:\Users\obief\.m2\repository\org\apache\velocity\velocity-tools\2.0\velocity-tools-2.0.jar;C:\Users\obief\.m2\repository\commons-beanutils\commons-beanutils\1.7.0\commons-beanutils-1.7.0.jar;C:\Users\obief\.m2\repository\commons-digester\commons-digester\1.8\commons-digester-1.8.jar;C:\Users\obief\.m2\repository\commons-chain\commons-chain\1.1\commons-chain-1.1.jar;C:\Users\obief\.m2\repository\dom4j\dom4j\1.1\dom4j-1.1.jar;C:\Users\obief\.m2\repository\oro\oro\2.0.8\oro-2.0.8.jar;C:\Users\obief\.m2\repository\commons-collections\commons-collections\3.2.2\commons-collections-3.2.2.jar;C:\Users\obief\.m2\repository\org\apache\maven\wagon\wagon-provider-api\2.4\wagon-provider-api-2.4.jar;C:\Users\obief\.m2\repository\org\apache\commons\commons-lang3\3.12.0\commons-lang3-3.12.0.jar;C:\Users\obief\.m2\repository\org\apache\commons\commons-text\1.10.0\commons-text-1.10.0.jar;C:\Users\obief\.m2\repository\org\apache\httpcomponents\httpclient\4.5.14\httpclient-4.5.14.jar;C:\Users\obief\.m2\repository\commons-logging\commons-logging\1.2\commons-logging-1.2.jar;C:\Users\obief\.m2\repository\commons-codec\commons-codec\1.11\commons-codec-1.11.jar;C:\Users\obief\.m2\repository\org\apache\httpcomponents\httpcore\4.4.16\httpcore-4.4.16.jar;C:\Users\obief\.m2\repository\com\thoughtworks\qdox\qdox\2.0.3\qdox-2.0.3.jar;C:\Users\obief\.m2\repository\org\codehaus\plexus\plexus-java\1.1.2\plexus-java-1.1.2.jar;C:\Users\obief\.m2\repository\org\ow2\asm\asm\9.4\asm-9.4.jar;C:\Users\obief\.m2\repository\org\codehaus\plexus\plexus-utils\3.5.1\plexus-utils-3.5.1.jar;C:\Users\obief\.m2\repository\org\codehaus\plexus\plexus-io\3.4.1\plexus-io-3.4.1.jar;C:\Users\obief\.m2\repository\org\codehaus\plexus\plexus-archiver\4.8.0\plexus-archiver-4.8.0.jar;C:\Users\obief\.m2\repository\org\apache\commons\commons-compress\1.23.0\commons-compress-1.23.0.jar;C:\Users\obief\.m2\repository\org\iq80\snappy\snappy\0.4\snappy-0.4.jar;C:\Users\obief\.m2\repository\org\tukaani\xz\1.9\xz-1.9.jar;C:\Users\obief\.m2\repository\com\github\luben\zstd-jni\1.5.5-5\zstd-jni-1.5.5-5.jar;C:\Users\obief\.m2\repository\commons-io\commons-io\2.13.0\commons-io-2.13.0.jar;C:\Users\obief\.m2\repository\org\codehaus\plexus\plexus-interactivity-api\1.1\plexus-interactivity-api-1.1.jar;C:\Users\obief\.m2\repository\org\hibernate\hibernate-core\5.6.15.Final\hibernate-core-5.6.15.Final.jar;C:\Users\obief\.m2\repository\org\jboss\logging\jboss-logging\3.4.3.Final\jboss-logging-3.4.3.Final.jar;C:\Users\obief\.m2\repository\javax\persistence\javax.persistence-api\2.2\javax.persistence-api-2.2.jar;C:\Users\obief\.m2\repository\antlr\antlr\2.7.7\antlr-2.7.7.jar;C:\Users\obief\.m2\repository\org\jboss\spec\javax\transaction\jboss-transaction-api_1.2_spec\1.1.1.Final\jboss-transaction-api_1.2_spec-1.1.1.Final.jar;C:\Users\obief\.m2\repository\org\jboss\jandex\2.4.2.Final\jandex-2.4.2.Final.jar;C:\Users\obief\.m2\repository\com\fasterxml\classmate\1.5.1\classmate-1.5.1.jar;C:\Users\obief\.m2\repository\javax\activation\javax.activation-api\1.2.0\javax.activation-api-1.2.0.jar;C:\Users\obief\.m2\repository\org\hibernate\common\hibernate-commons-annotations\5.1.2.Final\hibernate-commons-annotations-5.1.2.Final.jar;C:\Users\obief\.m2\repository\javax\xml\bind\jaxb-api\2.3.1\jaxb-api-2.3.1.jar;C:\Users\obief\.m2\repository\org\glassfish\jaxb\jaxb-runtime\2.3.1\jaxb-runtime-2.3.1.jar;C:\Users\obief\.m2\repository\org\glassfish\jaxb\txw2\2.3.1\txw2-2.3.1.jar;C:\Users\obief\.m2\repository\com\sun\istack\istack-commons-runtime\3.0.7\istack-commons-runtime-3.0.7.jar;C:\Users\obief\.m2\repository\org\jvnet\staxex\stax-ex\1.8\stax-ex-1.8.jar;C:\Users\obief\.m2\repository\com\sun\xml\fastinfoset\FastInfoset\1.2.15\FastInfoset-1.2.15.jar;C:\Users\obief\.m2\repository\com\mysql\mysql-connector-j\8.0.33\mysql-connector-j-8.0.33.jar;C:\Users\obief\.m2\repository\com\google\protobuf\protobuf-java\3.21.9\protobuf-java-3.21.9.jar;C:\Users\obief\.m2\repository\org\seleniumhq\selenium\selenium-java\3.141.0\selenium-java-3.141.0.jar;C:\Users\obief\.m2\repository\org\seleniumhq\selenium\selenium-api\3.141.0\selenium-api-3.141.0.jar;C:\Users\obief\.m2\repository\org\seleniumhq\selenium\selenium-chrome-driver\3.141.0\selenium-chrome-driver-3.141.0.jar;C:\Users\obief\.m2\repository\org\seleniumhq\selenium\selenium-edge-driver\3.141.0\selenium-edge-driver-3.141.0.jar;C:\Users\obief\.m2\repository\org\seleniumhq\selenium\selenium-firefox-driver\3.141.0\selenium-firefox-driver-3.141.0.jar;C:\Users\obief\.m2\repository\org\seleniumhq\selenium\selenium-ie-driver\3.141.0\selenium-ie-driver-3.141.0.jar;C:\Users\obief\.m2\repository\org\seleniumhq\selenium\selenium-opera-driver\3.141.0\selenium-opera-driver-3.141.0.jar;C:\Users\obief\.m2\repository\org\seleniumhq\selenium\selenium-remote-driver\3.141.0\selenium-remote-driver-3.141.0.jar;C:\Users\obief\.m2\repository\org\seleniumhq\selenium\selenium-safari-driver\3.141.0\selenium-safari-driver-3.141.0.jar;C:\Users\obief\.m2\repository\org\seleniumhq\selenium\selenium-support\3.141.0\selenium-support-3.141.0.jar;C:\Users\obief\.m2\repository\org\apache\commons\commons-exec\1.3\commons-exec-1.3.jar;C:\Users\obief\.m2\repository\com\google\guava\guava\25.0-jre\guava-25.0-jre.jar;C:\Users\obief\.m2\repository\com\google\code\findbugs\jsr305\1.3.9\jsr305-1.3.9.jar;C:\Users\obief\.m2\repository\org\checkerframework\checker-compat-qual\2.0.0\checker-compat-qual-2.0.0.jar;C:\Users\obief\.m2\repository\com\google\errorprone\error_prone_annotations\2.1.3\error_prone_annotations-2.1.3.jar;C:\Users\obief\.m2\repository\com\google\j2objc\j2objc-annotations\1.1\j2objc-annotations-1.1.jar;C:\Users\obief\.m2\repository\org\codehaus\mojo\animal-sniffer-annotations\1.14\animal-sniffer-annotations-1.14.jar;C:\Users\obief\.m2\repository\com\squareup\okhttp3\okhttp\3.11.0\okhttp-3.11.0.jar;C:\Users\obief\.m2\repository\com\squareup\okio\okio\1.14.0\okio-1.14.0.jar;C:\Users\obief\.m2\repository\org\springframework\spring-jdbc\6.1.0\spring-jdbc-6.1.0.jar;C:\Users\obief\.m2\repository\org\springframework\spring-tx\6.1.0\spring-tx-6.1.0.jar;C:\Users\obief\.m2\repository\org\springframework\boot\spring-boot\3.2.0\spring-boot-3.2.0.jar
Launcher Type: SUN_STANDARD

[Global flags]
     intx CICompilerCount                          = 12                                        {product} {ergonomic}
     uint ConcGCThreads                            = 3                                         {product} {ergonomic}
     uint G1ConcRefinementThreads                  = 13                                        {product} {ergonomic}
   size_t G1HeapRegionSize                         = 1048576                                   {product} {ergonomic}
    uintx GCDrainStackTargetSize                   = 64                                        {product} {ergonomic}
   size_t InitialHeapSize                          = 130023424                                 {product} {ergonomic}
   size_t MarkStackSize                            = 4194304                                   {product} {ergonomic}
   size_t MaxHeapSize                              = 2069889024                                {product} {ergonomic}
   size_t MaxNewSize                               = 1241513984                                {product} {ergonomic}
   size_t MinHeapDeltaBytes                        = 1048576                                   {product} {ergonomic}
   size_t MinHeapSize                              = 8388608                                   {product} {ergonomic}
    uintx NonNMethodCodeHeapSize                   = 7602480                                {pd product} {ergonomic}
    uintx NonProfiledCodeHeapSize                  = 122027880                              {pd product} {ergonomic}
    uintx ProfiledCodeHeapSize                     = 122027880                              {pd product} {ergonomic}
    uintx ReservedCodeCacheSize                    = 251658240                              {pd product} {ergonomic}
     bool SegmentedCodeCache                       = true                                      {product} {ergonomic}
   size_t SoftMaxHeapSize                          = 2069889024                             {manageable} {ergonomic}
     bool UseCompressedOops                        = true                           {product lp64_product} {ergonomic}
     bool UseG1GC                                  = true                                      {product} {ergonomic}
     bool UseLargePagesIndividualAllocation        = false                                  {pd product} {ergonomic}

Logging:
Log output configuration:
 #0: stdout all=warning uptime,level,tags foldmultilines=false
 #1: stderr all=off uptime,level,tags foldmultilines=false

Environment Variables:
PATH=C:\Windows\system32;C:\Windows;C:\Windows\System32\Wbem;C:\Windows\System32\WindowsPowerShell\v1.0\;C:\Windows\System32\OpenSSH\;C:\Program Files (x86)\NVIDIA Corporation\PhysX\Common;C:\Program Files\NVIDIA Corporation\NVIDIA NvDLISR;C:\Program Files (x86)\Microsoft VS Code\bin;C:\Program Files (x86)\Git\cmd;C:\Users\obief\AppData\Roaming\nvm;C:\Program Files\nodejs;C:\Program Files\dotnet\;C:\WINDOWS\system32;C:\WINDOWS;C:\WINDOWS\System32\Wbem;C:\WINDOWS\System32\WindowsPowerShell\v1.0\;C:\WINDOWS\System32\OpenSSH\;C:\Program Files (x86)\ChromiumDriver;C:\Program Files\Microsoft VS Code\bin;C:\Program Files (x86)\Windows Kits\10\Windows Performance Toolkit\;C:\Program Files\nodejs\;C:\Program Files\Amazon\AWSCLIV2\;C:\Users\obief\AppData\Local\Programs\Python\Python311\Scripts\;C:\Users\obief\AppData\Local\Programs\Python\Python311\;C:\Users\obief\AppData\Local\Microsoft\WindowsApps;C:\Users\obief\AppData\Roaming\nvm;C:\Program Files\nodejs;"C:\Flutter\flutter\bin";C:\Users\obief\AppData\Roaming\npm
USERNAME=obief
OS=Windows_NT
PROCESSOR_IDENTIFIER=Intel64 Family 6 Model 141 Stepping 1, GenuineIntel
TMP=C:\Users\obief\AppData\Local\Temp
TEMP=C:\Users\obief\AppData\Local\Temp




Periodic native trim disabled

---------------  S Y S T E M  ---------------

OS:
 Windows 11 , 64 bit Build 22621 (10.0.22621.3672)
OS uptime: 0 days 5:01 hours
Hyper-V role detected

CPU: total 16 (initial active 16) (8 cores per cpu, 2 threads per core) family 6 model 141 stepping 1 microcode 0x26, cx8, cmov, fxsr, ht, mmx, 3dnowpref, sse, sse2, sse3, ssse3, sse4.1, sse4.2, popcnt, lzcnt, tsc, tscinvbit, avx, avx2, aes, erms, clmul, bmi1, bmi2, adx, avx512f, avx512dq, avx512cd, avx512bw, avx512vl, sha, fma, vzeroupper, avx512_vpopcntdq, avx512_vpclmulqdq, avx512_vaes, avx512_vnni, clflush, clflushopt, clwb, avx512_vbmi2, avx512_vbmi, hv, rdtscp, rdpid, fsrm, gfni, avx512_bitalg, f16c, cet_ibt, cet_ss, avx512_ifma
Processor Information for all 16 processors :
  Max Mhz: 2304, Current Mhz: 2304, Mhz Limit: 2304

Memory: 4k page, system-wide physical 7893M (87M free)
TotalPageFile size 32469M (AvailPageFile size 15M)
current process WorkingSet (physical memory assigned to process): 157M, peak: 171M
current process commit charge ("private bytes"): 210M, peak: 266M

vm_info: OpenJDK 64-Bit Server VM (21.0.1+12-29) for windows-amd64 JRE (21.0.1+12-29), built on 2023-10-05T13:27:09Z by "mach5one" with MS VC++ 17.1 (VS2022)

END.
