#
# There is insufficient memory for the Java Runtime Environment to continue.
# Native memory allocation (malloc) failed to allocate 320160 bytes for Chunk::new
# Possible reasons:
#   The system is out of physical RAM or swap space
#   The process is running with CompressedOops enabled, and the Java Heap may be blocking the growth of the native heap
# Possible solutions:
#   Reduce memory load on the system
#   Increase physical memory or swap space
#   Check if swap backing store is full
#   Decrease Java heap size (-Xmx/-Xms)
#   Decrease number of Java threads
#   Decrease Java thread stack sizes (-Xss)
#   Set larger code cache with -XX:ReservedCodeCacheSize=
#   JVM is running with Unscaled Compressed Oops mode in which the Java heap is
#     placed in the first 4GB address space. The Java Heap base address is the
#     maximum limit for the native heap growth. Please use -XX:HeapBaseMinAddress
#     to set the Java Heap base and to place the Java Heap above 4GB virtual address.
# This output file may be truncated or incomplete.
#
#  Out of Memory Error (arena.cpp:168), pid=40796, tid=48116
#
# JRE version: OpenJDK Runtime Environment (21.0.1+12) (build 21.0.1+12-29)
# Java VM: OpenJDK 64-Bit Server VM (21.0.1+12-29, mixed mode, sharing, tiered, compressed oops, compressed class ptrs, g1 gc, windows-amd64)
# No core dump will be written. Minidumps are not enabled by default on client versions of Windows
#

---------------  S U M M A R Y ------------

Command Line: -javaagent:C:\Program Files\JetBrains\IntelliJ IDEA 2023.2.3\lib\idea_rt.jar=63574:C:\Program Files\JetBrains\IntelliJ IDEA 2023.2.3\bin -Dfile.encoding=UTF-8 -Dsun.stdout.encoding=UTF-8 -Dsun.stderr.encoding=UTF-8 com.bookmatch.Main

Host: 11th Gen Intel(R) Core(TM) i7-11800H @ 2.30GHz, 16 cores, 7G,  Windows 11 , 64 bit Build 22621 (10.0.22621.3672)
Time: Wed Jun 26 22:52:39 2024 W. Central Africa Standard Time elapsed time: 16.009042 seconds (0d 0h 0m 16s)

---------------  T H R E A D  ---------------

Current thread (0x0000025be2f73130):  JavaThread "C2 CompilerThread0" daemon [_thread_in_native, id=48116, stack(0x0000008ec6f00000,0x0000008ec7000000) (1024K)]


Current CompileTask:
C2:  16009 3585       4       java.lang.StringLatin1$CharsSpliterator::forEachRemaining (72 bytes)

Stack: [0x0000008ec6f00000,0x0000008ec7000000]
Native frames: (J=compiled Java code, j=interpreted, Vv=VM code, C=native code)
V  [jvm.dll+0x6c9029]
V  [jvm.dll+0x854b81]
V  [jvm.dll+0x856e5e]
V  [jvm.dll+0x857543]
V  [jvm.dll+0x280c06]
V  [jvm.dll+0xc3ead]
V  [jvm.dll+0xc43c3]
V  [jvm.dll+0x3b576c]
V  [jvm.dll+0x382475]
V  [jvm.dll+0x3818ea]
V  [jvm.dll+0x249ad0]
V  [jvm.dll+0x2490b1]
V  [jvm.dll+0x1c9ca1]
V  [jvm.dll+0x2586b9]
V  [jvm.dll+0x256c9a]
V  [jvm.dll+0x3ef1b6]
V  [jvm.dll+0x7fd728]
V  [jvm.dll+0x6c777d]
C  [ucrtbase.dll+0x29333]
C  [KERNEL32.DLL+0x1257d]
C  [ntdll.dll+0x5af28]


---------------  P R O C E S S  ---------------

Threads class SMR info:
_java_thread_list=0x0000025be8bab9d0, length=21, elements={
0x0000025be2f64f50, 0x0000025be2f65d60, 0x0000025be2f6a3e0, 0x0000025be2f6b2c0,
0x0000025be2f6d840, 0x0000025be2f6ead0, 0x0000025be2f73130, 0x0000025be2f83f40,
0x0000025be71e69a0, 0x0000025be75b0200, 0x0000025be7584a20, 0x0000025be855a140,
0x0000025be8845840, 0x0000025bea88e850, 0x0000025bc395b530, 0x0000025be8adb5a0,
0x0000025be94f3140, 0x0000025be8b83650, 0x0000025be8b83ce0, 0x0000025be8b81c10,
0x0000025be8b84370
}

Java Threads: ( => current thread )
  0x0000025be2f64f50 JavaThread "Reference Handler"          daemon [_thread_blocked, id=8844, stack(0x0000008ec6900000,0x0000008ec6a00000) (1024K)]
  0x0000025be2f65d60 JavaThread "Finalizer"                  daemon [_thread_blocked, id=22060, stack(0x0000008ec6a00000,0x0000008ec6b00000) (1024K)]
  0x0000025be2f6a3e0 JavaThread "Signal Dispatcher"          daemon [_thread_blocked, id=31952, stack(0x0000008ec6b00000,0x0000008ec6c00000) (1024K)]
  0x0000025be2f6b2c0 JavaThread "Attach Listener"            daemon [_thread_blocked, id=13636, stack(0x0000008ec6c00000,0x0000008ec6d00000) (1024K)]
  0x0000025be2f6d840 JavaThread "Service Thread"             daemon [_thread_blocked, id=16360, stack(0x0000008ec6d00000,0x0000008ec6e00000) (1024K)]
  0x0000025be2f6ead0 JavaThread "Monitor Deflation Thread"   daemon [_thread_blocked, id=31216, stack(0x0000008ec6e00000,0x0000008ec6f00000) (1024K)]
=>0x0000025be2f73130 JavaThread "C2 CompilerThread0"         daemon [_thread_in_native, id=48116, stack(0x0000008ec6f00000,0x0000008ec7000000) (1024K)]
  0x0000025be2f83f40 JavaThread "C1 CompilerThread0"         daemon [_thread_blocked, id=32620, stack(0x0000008ec7000000,0x0000008ec7100000) (1024K)]
  0x0000025be71e69a0 JavaThread "Common-Cleaner"             daemon [_thread_blocked, id=40668, stack(0x0000008ec7100000,0x0000008ec7200000) (1024K)]
  0x0000025be75b0200 JavaThread "Monitor Ctrl-Break"         daemon [_thread_in_native, id=46212, stack(0x0000008ec7500000,0x0000008ec7600000) (1024K)]
  0x0000025be7584a20 JavaThread "Notification Thread"        daemon [_thread_blocked, id=14708, stack(0x0000008ec7600000,0x0000008ec7700000) (1024K)]
  0x0000025be855a140 JavaThread "mysql-cj-abandoned-connection-cleanup" daemon [_thread_blocked, id=38072, stack(0x0000008ec8200000,0x0000008ec8300000) (1024K)]
  0x0000025be8845840 JavaThread "Hibernate Connection Pool Validation Thread" daemon [_thread_blocked, id=28984, stack(0x0000008ec8500000,0x0000008ec8600000) (1024K)]
  0x0000025bea88e850 JavaThread "Forwarding getElementAttribute on session 78e37794-7872-4a36-a6af-29f620413b68 to remote"        [_thread_in_native, id=32952, stack(0x0000008ec8700000,0x0000008ec8800000) (1024K)]
  0x0000025bc395b530 JavaThread "DestroyJavaVM"                     [_thread_blocked, id=7244, stack(0x0000008ec6100000,0x0000008ec6200000) (1024K)]
  0x0000025be8adb5a0 JavaThread "Exec Default Executor"      daemon [_thread_in_native, id=48744, stack(0x0000008ec8800000,0x0000008ec8900000) (1024K)]
  0x0000025be94f3140 JavaThread "Exec Stream Pumper"         daemon [_thread_in_native, id=21352, stack(0x0000008ec8a00000,0x0000008ec8b00000) (1024K)]
  0x0000025be8b83650 JavaThread "Exec Stream Pumper"         daemon [_thread_in_native, id=45748, stack(0x0000008ec8b00000,0x0000008ec8c00000) (1024K)]
  0x0000025be8b83ce0 JavaThread "ForkJoinPool.commonPool-worker-1" daemon [_thread_blocked, id=37420, stack(0x0000008ec8c00000,0x0000008ec8d00000) (1024K)]
  0x0000025be8b81c10 JavaThread "OkHttp ConnectionPool"      daemon [_thread_blocked, id=11456, stack(0x0000008ec8d00000,0x0000008ec8e00000) (1024K)]
  0x0000025be8b84370 JavaThread "Okio Watchdog"              daemon [_thread_blocked, id=47784, stack(0x0000008ec8e00000,0x0000008ec8f00000) (1024K)]
Total: 21

Other Threads:
  0x0000025be2f49760 VMThread "VM Thread"                           [id=8272, stack(0x0000008ec6800000,0x0000008ec6900000) (1024K)]
  0x0000025be2f2ffe0 WatcherThread "VM Periodic Task Thread"        [id=31028, stack(0x0000008ec6700000,0x0000008ec6800000) (1024K)]
  0x0000025bc5c08b90 WorkerThread "GC Thread#0"                     [id=47540, stack(0x0000008ec6200000,0x0000008ec6300000) (1024K)]
  0x0000025be7f4d360 WorkerThread "GC Thread#1"                     [id=41604, stack(0x0000008ec7700000,0x0000008ec7800000) (1024K)]
  0x0000025be8093040 WorkerThread "GC Thread#2"                     [id=25796, stack(0x0000008ec7800000,0x0000008ec7900000) (1024K)]
  0x0000025be80937f0 WorkerThread "GC Thread#3"                     [id=20140, stack(0x0000008ec7900000,0x0000008ec7a00000) (1024K)]
  0x0000025be8093b90 WorkerThread "GC Thread#4"                     [id=38288, stack(0x0000008ec7a00000,0x0000008ec7b00000) (1024K)]
  0x0000025be8093f30 WorkerThread "GC Thread#5"                     [id=36352, stack(0x0000008ec7b00000,0x0000008ec7c00000) (1024K)]
  0x0000025be845b9b0 WorkerThread "GC Thread#6"                     [id=38040, stack(0x0000008ec7400000,0x0000008ec7500000) (1024K)]
  0x0000025be836b040 WorkerThread "GC Thread#7"                     [id=45856, stack(0x0000008ec7c00000,0x0000008ec7d00000) (1024K)]
  0x0000025be836b3e0 WorkerThread "GC Thread#8"                     [id=9764, stack(0x0000008ec7d00000,0x0000008ec7e00000) (1024K)]
  0x0000025be836b780 WorkerThread "GC Thread#9"                     [id=44388, stack(0x0000008ec7e00000,0x0000008ec7f00000) (1024K)]
  0x0000025be84c61d0 WorkerThread "GC Thread#10"                    [id=19636, stack(0x0000008ec7f00000,0x0000008ec8000000) (1024K)]
  0x0000025be8569810 WorkerThread "GC Thread#11"                    [id=41664, stack(0x0000008ec8000000,0x0000008ec8100000) (1024K)]
  0x0000025be8568d30 WorkerThread "GC Thread#12"                    [id=10216, stack(0x0000008ec8100000,0x0000008ec8200000) (1024K)]
  0x0000025bc3a0dd50 ConcurrentGCThread "G1 Main Marker"            [id=38788, stack(0x0000008ec6300000,0x0000008ec6400000) (1024K)]
  0x0000025bc3a0e850 WorkerThread "G1 Conc#0"                       [id=33468, stack(0x0000008ec6400000,0x0000008ec6500000) (1024K)]
  0x0000025be8569f50 WorkerThread "G1 Conc#1"                       [id=44728, stack(0x0000008ec8300000,0x0000008ec8400000) (1024K)]
  0x0000025be8569bb0 WorkerThread "G1 Conc#2"                       [id=40512, stack(0x0000008ec8400000,0x0000008ec8500000) (1024K)]
  0x0000025be2dffa80 ConcurrentGCThread "G1 Refine#0"               [id=30000, stack(0x0000008ec6500000,0x0000008ec6600000) (1024K)]
  0x0000025be2e03420 ConcurrentGCThread "G1 Service"                [id=20544, stack(0x0000008ec6600000,0x0000008ec6700000) (1024K)]
Total: 21

Threads with active compile tasks:
C2 CompilerThread0    16037 3585       4       java.lang.StringLatin1$CharsSpliterator::forEachRemaining (72 bytes)
Total: 1

VM state: not at safepoint (normal execution)

VM Mutex/Monitor currently owned by a thread: None

Heap address: 0x0000000084a00000, size: 1974 MB, Compressed Oops mode: 32-bit

CDS archive(s) mapped at: [0x0000025b80000000-0x0000025b80c90000-0x0000025b80c90000), size 13172736, SharedBaseAddress: 0x0000025b80000000, ArchiveRelocationMode: 1.
Compressed class space mapped at: 0x0000025b81000000-0x0000025bc1000000, reserved size: 1073741824
Narrow klass base: 0x0000025b80000000, Narrow klass shift: 0, Narrow klass range: 0x100000000

GC Precious Log:
 CardTable entry size: 512
 Card Set container configuration: InlinePtr #cards 5 size 8 Array Of Cards #cards 12 size 40 Howl #buckets 4 coarsen threshold 1843 Howl Bitmap #cards 512 size 80 coarsen threshold 460 Card regions per heap region 1 cards per card region 2048
 CPUs: 16 total, 16 available
 Memory: 7893M
 Large Page Support: Disabled
 NUMA Support: Disabled
 Compressed Oops: Enabled (32-bit)
 Heap Region Size: 1M
 Heap Min Capacity: 8M
 Heap Initial Capacity: 124M
 Heap Max Capacity: 1974M
 Pre-touch: Disabled
 Parallel Workers: 13
 Concurrent Workers: 3
 Concurrent Refinement Workers: 13
 Periodic GC: Disabled

Heap:
 garbage-first heap   total 58368K, used 27746K [0x0000000084a00000, 0x0000000100000000)
  region size 1024K, 15 young (15360K), 1 survivors (1024K)
 Metaspace       used 36861K, committed 37248K, reserved 1114112K
  class space    used 4851K, committed 4992K, reserved 1048576K

Heap Regions: E=young(eden), S=young(survivor), O=old, HS=humongous(starts), HC=humongous(continues), CS=collection set, F=free, TAMS=top-at-mark-start, PB=parsable bottom
|   0|0x0000000084a00000, 0x0000000084b00000, 0x0000000084b00000|100%|HS|  |TAMS 0x0000000084a00000| PB 0x0000000084a00000| Complete 
|   1|0x0000000084b00000, 0x0000000084c00000, 0x0000000084c00000|100%| O|  |TAMS 0x0000000084b00000| PB 0x0000000084b00000| Untracked 
|   2|0x0000000084c00000, 0x0000000084d00000, 0x0000000084d00000|100%| O|  |TAMS 0x0000000084c00000| PB 0x0000000084c00000| Untracked 
|   3|0x0000000084d00000, 0x0000000084e00000, 0x0000000084e00000|100%| O|  |TAMS 0x0000000084d00000| PB 0x0000000084d00000| Untracked 
|   4|0x0000000084e00000, 0x0000000084f00000, 0x0000000084f00000|100%| O|  |TAMS 0x0000000084e00000| PB 0x0000000084e00000| Untracked 
|   5|0x0000000084f00000, 0x0000000085000000, 0x0000000085000000|100%| O|  |TAMS 0x0000000084f00000| PB 0x0000000084f00000| Untracked 
|   6|0x0000000085000000, 0x0000000085100000, 0x0000000085100000|100%| O|  |TAMS 0x0000000085000000| PB 0x0000000085000000| Untracked 
|   7|0x0000000085100000, 0x0000000085200000, 0x0000000085200000|100%| O|  |TAMS 0x0000000085100000| PB 0x0000000085100000| Untracked 
|   8|0x0000000085200000, 0x0000000085300000, 0x0000000085300000|100%| O|  |TAMS 0x0000000085200000| PB 0x0000000085200000| Untracked 
|   9|0x0000000085300000, 0x0000000085400000, 0x0000000085400000|100%| O|  |TAMS 0x0000000085300000| PB 0x0000000085300000| Untracked 
|  10|0x0000000085400000, 0x0000000085500000, 0x0000000085500000|100%| O|  |TAMS 0x0000000085400000| PB 0x0000000085400000| Untracked 
|  11|0x0000000085500000, 0x0000000085600000, 0x0000000085600000|100%| O|  |TAMS 0x0000000085500000| PB 0x0000000085500000| Untracked 
|  12|0x0000000085600000, 0x0000000085700000, 0x0000000085700000|100%| O|  |TAMS 0x0000000085600000| PB 0x0000000085600000| Untracked 
|  13|0x0000000085700000, 0x0000000085800000, 0x0000000085800000|100%| O|  |TAMS 0x0000000085700000| PB 0x0000000085700000| Untracked 
|  14|0x0000000085800000, 0x000000008584c730, 0x0000000085900000| 29%| O|Cm|TAMS 0x0000000085800000| PB 0x0000000085800000| Complete 
|  15|0x0000000085900000, 0x0000000085900000, 0x0000000085a00000|  0%| F|  |TAMS 0x0000000085900000| PB 0x0000000085900000| Untracked 
|  16|0x0000000085a00000, 0x0000000085a00000, 0x0000000085b00000|  0%| F|  |TAMS 0x0000000085a00000| PB 0x0000000085a00000| Untracked 
|  17|0x0000000085b00000, 0x0000000085b00000, 0x0000000085c00000|  0%| F|  |TAMS 0x0000000085b00000| PB 0x0000000085b00000| Untracked 
|  18|0x0000000085c00000, 0x0000000085c00000, 0x0000000085d00000|  0%| F|  |TAMS 0x0000000085c00000| PB 0x0000000085c00000| Untracked 
|  19|0x0000000085d00000, 0x0000000085d00000, 0x0000000085e00000|  0%| F|  |TAMS 0x0000000085d00000| PB 0x0000000085d00000| Untracked 
|  20|0x0000000085e00000, 0x0000000085e00000, 0x0000000085f00000|  0%| F|  |TAMS 0x0000000085e00000| PB 0x0000000085e00000| Untracked 
|  21|0x0000000085f00000, 0x0000000085f00000, 0x0000000086000000|  0%| F|  |TAMS 0x0000000085f00000| PB 0x0000000085f00000| Untracked 
|  22|0x0000000086000000, 0x0000000086000000, 0x0000000086100000|  0%| F|  |TAMS 0x0000000086000000| PB 0x0000000086000000| Untracked 
|  23|0x0000000086100000, 0x0000000086100000, 0x0000000086200000|  0%| F|  |TAMS 0x0000000086100000| PB 0x0000000086100000| Untracked 
|  24|0x0000000086200000, 0x0000000086200000, 0x0000000086300000|  0%| F|  |TAMS 0x0000000086200000| PB 0x0000000086200000| Untracked 
|  25|0x0000000086300000, 0x0000000086300000, 0x0000000086400000|  0%| F|  |TAMS 0x0000000086300000| PB 0x0000000086300000| Untracked 
|  26|0x0000000086400000, 0x0000000086400000, 0x0000000086500000|  0%| F|  |TAMS 0x0000000086400000| PB 0x0000000086400000| Untracked 
|  27|0x0000000086500000, 0x0000000086500000, 0x0000000086600000|  0%| F|  |TAMS 0x0000000086500000| PB 0x0000000086500000| Untracked 
|  28|0x0000000086600000, 0x0000000086600000, 0x0000000086700000|  0%| F|  |TAMS 0x0000000086600000| PB 0x0000000086600000| Untracked 
|  29|0x0000000086700000, 0x0000000086700000, 0x0000000086800000|  0%| F|  |TAMS 0x0000000086700000| PB 0x0000000086700000| Untracked 
|  30|0x0000000086800000, 0x0000000086800000, 0x0000000086900000|  0%| F|  |TAMS 0x0000000086800000| PB 0x0000000086800000| Untracked 
|  31|0x0000000086900000, 0x0000000086900000, 0x0000000086a00000|  0%| F|  |TAMS 0x0000000086900000| PB 0x0000000086900000| Untracked 
|  32|0x0000000086a00000, 0x0000000086a00000, 0x0000000086b00000|  0%| F|  |TAMS 0x0000000086a00000| PB 0x0000000086a00000| Untracked 
|  33|0x0000000086b00000, 0x0000000086b00000, 0x0000000086c00000|  0%| F|  |TAMS 0x0000000086b00000| PB 0x0000000086b00000| Untracked 
|  34|0x0000000086c00000, 0x0000000086c00000, 0x0000000086d00000|  0%| F|  |TAMS 0x0000000086c00000| PB 0x0000000086c00000| Untracked 
|  35|0x0000000086d00000, 0x0000000086d00000, 0x0000000086e00000|  0%| F|  |TAMS 0x0000000086d00000| PB 0x0000000086d00000| Untracked 
|  36|0x0000000086e00000, 0x0000000086e00000, 0x0000000086f00000|  0%| F|  |TAMS 0x0000000086e00000| PB 0x0000000086e00000| Untracked 
|  37|0x0000000086f00000, 0x0000000086f00000, 0x0000000087000000|  0%| F|  |TAMS 0x0000000086f00000| PB 0x0000000086f00000| Untracked 
|  38|0x0000000087000000, 0x0000000087000000, 0x0000000087100000|  0%| F|  |TAMS 0x0000000087000000| PB 0x0000000087000000| Untracked 
|  39|0x0000000087100000, 0x0000000087100000, 0x0000000087200000|  0%| F|  |TAMS 0x0000000087100000| PB 0x0000000087100000| Untracked 
|  40|0x0000000087200000, 0x0000000087200000, 0x0000000087300000|  0%| F|  |TAMS 0x0000000087200000| PB 0x0000000087200000| Untracked 
|  41|0x0000000087300000, 0x0000000087300000, 0x0000000087400000|  0%| F|  |TAMS 0x0000000087300000| PB 0x0000000087300000| Untracked 
|  42|0x0000000087400000, 0x000000008744bff0, 0x0000000087500000| 29%| E|  |TAMS 0x0000000087400000| PB 0x0000000087400000| Complete 
|  43|0x0000000087500000, 0x0000000087600000, 0x0000000087600000|100%| E|CS|TAMS 0x0000000087500000| PB 0x0000000087500000| Complete 
|  44|0x0000000087600000, 0x0000000087700000, 0x0000000087700000|100%| E|CS|TAMS 0x0000000087600000| PB 0x0000000087600000| Complete 
|  45|0x0000000087700000, 0x0000000087800000, 0x0000000087800000|100%| E|CS|TAMS 0x0000000087700000| PB 0x0000000087700000| Complete 
|  46|0x0000000087800000, 0x0000000087900000, 0x0000000087900000|100%| E|  |TAMS 0x0000000087800000| PB 0x0000000087800000| Complete 
|  47|0x0000000087900000, 0x0000000087a00000, 0x0000000087a00000|100%| E|CS|TAMS 0x0000000087900000| PB 0x0000000087900000| Complete 
|  48|0x0000000087a00000, 0x0000000087b00000, 0x0000000087b00000|100%| E|CS|TAMS 0x0000000087a00000| PB 0x0000000087a00000| Complete 
|  49|0x0000000087b00000, 0x0000000087c00000, 0x0000000087c00000|100%| E|CS|TAMS 0x0000000087b00000| PB 0x0000000087b00000| Complete 
|  50|0x0000000087c00000, 0x0000000087d00000, 0x0000000087d00000|100%| E|CS|TAMS 0x0000000087c00000| PB 0x0000000087c00000| Complete 
|  51|0x0000000087d00000, 0x0000000087e00000, 0x0000000087e00000|100%| E|CS|TAMS 0x0000000087d00000| PB 0x0000000087d00000| Complete 
|  52|0x0000000087e00000, 0x0000000087f00000, 0x0000000087f00000|100%| E|CS|TAMS 0x0000000087e00000| PB 0x0000000087e00000| Complete 
|  53|0x0000000087f00000, 0x0000000088000000, 0x0000000088000000|100%| E|CS|TAMS 0x0000000087f00000| PB 0x0000000087f00000| Complete 
|  54|0x0000000088000000, 0x0000000088100000, 0x0000000088100000|100%| E|CS|TAMS 0x0000000088000000| PB 0x0000000088000000| Complete 
| 113|0x000000008bb00000, 0x000000008bbcc400, 0x000000008bc00000| 79%| S|CS|TAMS 0x000000008bb00000| PB 0x000000008bb00000| Complete 
| 123|0x000000008c500000, 0x000000008c600000, 0x000000008c600000|100%| E|CS|TAMS 0x000000008c500000| PB 0x000000008c500000| Complete 

Card table byte_map: [0x0000025bddc30000,0x0000025bde010000] _byte_map_base: 0x0000025bdd80b000

Marking Bits: (CMBitMap*) 0x0000025bc5c09290
 Bits: [0x0000025bde010000, 0x0000025bdfee8000)

Polling page: 0x0000025bc5350000

Metaspace:

Usage:
  Non-class:     31.26 MB used.
      Class:      4.74 MB used.
       Both:     36.00 MB used.

Virtual space:
  Non-class space:       64.00 MB reserved,      31.50 MB ( 49%) committed,  1 nodes.
      Class space:        1.00 GB reserved,       4.88 MB ( <1%) committed,  1 nodes.
             Both:        1.06 GB reserved,      36.38 MB (  3%) committed. 

Chunk freelists:
   Non-Class:  240.00 KB
       Class:  11.08 MB
        Both:  11.31 MB

MaxMetaspaceSize: unlimited
CompressedClassSpaceSize: 1.00 GB
Initial GC threshold: 21.00 MB
Current GC threshold: 59.19 MB
CDS: on
 - commit_granule_bytes: 65536.
 - commit_granule_words: 8192.
 - virtual_space_node_default_size: 8388608.
 - enlarge_chunks_in_place: 1.
 - use_allocation_guard: 0.


Internal statistics:

num_allocs_failed_limit: 9.
num_arena_births: 390.
num_arena_deaths: 0.
num_vsnodes_births: 2.
num_vsnodes_deaths: 0.
num_space_committed: 582.
num_space_uncommitted: 0.
num_chunks_returned_to_freelist: 9.
num_chunks_taken_from_freelist: 1453.
num_chunk_merges: 6.
num_chunk_splits: 1059.
num_chunks_enlarged: 850.
num_inconsistent_stats: 0.

CodeHeap 'non-profiled nmethods': size=119168Kb used=1354Kb max_used=1354Kb free=117813Kb
 bounds [0x0000025bd5b70000, 0x0000025bd5de0000, 0x0000025bdcfd0000]
CodeHeap 'profiled nmethods': size=119104Kb used=6360Kb max_used=6360Kb free=112743Kb
 bounds [0x0000025bcdfd0000, 0x0000025bce610000, 0x0000025bd5420000]
CodeHeap 'non-nmethods': size=7488Kb used=1782Kb max_used=2926Kb free=5705Kb
 bounds [0x0000025bd5420000, 0x0000025bd5710000, 0x0000025bd5b70000]
 total_blobs=3946 nmethods=3298 adapters=552
 compilation: enabled
              stopped_count=0, restarted_count=0
 full_count=0

Compilation events (20 events):
Event: 15.974 Thread 0x0000025be2f83f40 nmethod 3575 0x0000025bce602a10 code [0x0000025bce602d00, 0x0000025bce603bb8]
Event: 15.974 Thread 0x0000025be2f83f40 3576       3       java.util.stream.IntPipeline::mapToObj (18 bytes)
Event: 15.975 Thread 0x0000025be2f83f40 nmethod 3576 0x0000025bce604110 code [0x0000025bce6042e0, 0x0000025bce604598]
Event: 15.975 Thread 0x0000025be2f83f40 3577       3       java.util.stream.IntPipeline::mapToObj (15 bytes)
Event: 15.975 Thread 0x0000025be2f83f40 nmethod 3577 0x0000025bce604690 code [0x0000025bce604860, 0x0000025bce604bc0]
Event: 15.975 Thread 0x0000025be2f83f40 3578       3       java.util.stream.IntPipeline$1::<init> (15 bytes)
Event: 15.975 Thread 0x0000025be2f83f40 nmethod 3578 0x0000025bce604d90 code [0x0000025bce604f60, 0x0000025bce6051e8]
Event: 15.975 Thread 0x0000025be2f83f40 3579       3       org.openqa.selenium.json.JsonOutput$$Lambda/0x0000025b814a1c20::<init> (10 bytes)
Event: 15.975 Thread 0x0000025be2f83f40 nmethod 3579 0x0000025bce605310 code [0x0000025bce6054c0, 0x0000025bce605678]
Event: 15.975 Thread 0x0000025be2f83f40 3580       3       java.util.stream.Collectors::toList (26 bytes)
Event: 15.975 Thread 0x0000025be2f83f40 nmethod 3580 0x0000025bce605710 code [0x0000025bce605920, 0x0000025bce605f38]
Event: 15.975 Thread 0x0000025be2f83f40 3581       3       java.util.stream.Collectors$$Lambda/0x0000025b812674e0::get (8 bytes)
Event: 15.976 Thread 0x0000025be2f83f40 nmethod 3581 0x0000025bce606110 code [0x0000025bce6062e0, 0x0000025bce606630]
Event: 15.989 Thread 0x0000025be2f83f40 3582       3       java.util.HashMap$HashMapSpliterator::<init> (32 bytes)
Event: 15.989 Thread 0x0000025be2f83f40 nmethod 3582 0x0000025bce606790 code [0x0000025bce606940, 0x0000025bce606b18]
Event: 15.989 Thread 0x0000025be2f73130 3583   !   4       jdk.internal.ref.PhantomCleanable::remove (60 bytes)
Event: 15.989 Thread 0x0000025be2f83f40 3584       3       java.util.Spliterators$ArraySpliterator::estimateSize (27 bytes)
Event: 15.989 Thread 0x0000025be2f83f40 nmethod 3584 0x0000025bce606c10 code [0x0000025bce606dc0, 0x0000025bce606f60]
Event: 15.993 Thread 0x0000025be2f73130 nmethod 3583 0x0000025bd5cc2310 code [0x0000025bd5cc24c0, 0x0000025bd5cc2a20]
Event: 15.993 Thread 0x0000025be2f73130 3585       4       java.lang.StringLatin1$CharsSpliterator::forEachRemaining (72 bytes)

GC Heap History (12 events):
Event: 0.921 GC heap before
{Heap before GC invocations=0 (full 0):
 garbage-first heap   total 126976K, used 23552K [0x0000000084a00000, 0x0000000100000000)
  region size 1024K, 23 young (23552K), 0 survivors (0K)
 Metaspace       used 6674K, committed 6976K, reserved 1114112K
  class space    used 763K, committed 896K, reserved 1048576K
}
Event: 0.933 GC heap after
{Heap after GC invocations=1 (full 0):
 garbage-first heap   total 126976K, used 6352K [0x0000000084a00000, 0x0000000100000000)
  region size 1024K, 3 young (3072K), 3 survivors (3072K)
 Metaspace       used 6674K, committed 6976K, reserved 1114112K
  class space    used 763K, committed 896K, reserved 1048576K
}
Event: 2.057 GC heap before
{Heap before GC invocations=1 (full 0):
 garbage-first heap   total 126976K, used 36048K [0x0000000084a00000, 0x0000000100000000)
  region size 1024K, 32 young (32768K), 3 survivors (3072K)
 Metaspace       used 18126K, committed 18432K, reserved 1114112K
  class space    used 2315K, committed 2432K, reserved 1048576K
}
Event: 2.070 GC heap after
{Heap after GC invocations=2 (full 0):
 garbage-first heap   total 126976K, used 10138K [0x0000000084a00000, 0x0000000100000000)
  region size 1024K, 4 young (4096K), 4 survivors (4096K)
 Metaspace       used 18126K, committed 18432K, reserved 1114112K
  class space    used 2315K, committed 2432K, reserved 1048576K
}
Event: 2.365 GC heap before
{Heap before GC invocations=2 (full 0):
 garbage-first heap   total 126976K, used 19354K [0x0000000084a00000, 0x0000000100000000)
  region size 1024K, 14 young (14336K), 4 survivors (4096K)
 Metaspace       used 21197K, committed 21504K, reserved 1114112K
  class space    used 2667K, committed 2816K, reserved 1048576K
}
Event: 2.372 GC heap after
{Heap after GC invocations=3 (full 0):
 garbage-first heap   total 126976K, used 11504K [0x0000000084a00000, 0x0000000100000000)
  region size 1024K, 5 young (5120K), 5 survivors (5120K)
 Metaspace       used 21197K, committed 21504K, reserved 1114112K
  class space    used 2667K, committed 2816K, reserved 1048576K
}
Event: 3.507 GC heap before
{Heap before GC invocations=4 (full 0):
 garbage-first heap   total 45056K, used 44272K [0x0000000084a00000, 0x0000000100000000)
  region size 1024K, 37 young (37888K), 5 survivors (5120K)
 Metaspace       used 30641K, committed 31040K, reserved 1114112K
  class space    used 4060K, committed 4224K, reserved 1048576K
}
Event: 3.515 GC heap after
{Heap after GC invocations=5 (full 0):
 garbage-first heap   total 52224K, used 12940K [0x0000000084a00000, 0x0000000100000000)
  region size 1024K, 7 young (7168K), 7 survivors (7168K)
 Metaspace       used 30641K, committed 31040K, reserved 1114112K
  class space    used 4060K, committed 4224K, reserved 1048576K
}
Event: 4.002 GC heap before
{Heap before GC invocations=5 (full 0):
 garbage-first heap   total 52224K, used 28300K [0x0000000084a00000, 0x0000000100000000)
  region size 1024K, 24 young (24576K), 7 survivors (7168K)
 Metaspace       used 35650K, committed 35968K, reserved 1114112K
  class space    used 4709K, committed 4864K, reserved 1048576K
}
Event: 4.008 GC heap after
{Heap after GC invocations=6 (full 0):
 garbage-first heap   total 52224K, used 14786K [0x0000000084a00000, 0x0000000100000000)
  region size 1024K, 4 young (4096K), 4 survivors (4096K)
 Metaspace       used 35650K, committed 35968K, reserved 1114112K
  class space    used 4709K, committed 4864K, reserved 1048576K
}
Event: 4.028 GC heap before
{Heap before GC invocations=6 (full 0):
 garbage-first heap   total 52224K, used 14786K [0x0000000084a00000, 0x0000000100000000)
  region size 1024K, 5 young (5120K), 4 survivors (4096K)
 Metaspace       used 35919K, committed 36288K, reserved 1114112K
  class space    used 4737K, committed 4928K, reserved 1048576K
}
Event: 4.032 GC heap after
{Heap after GC invocations=7 (full 0):
 garbage-first heap   total 63488K, used 15458K [0x0000000084a00000, 0x0000000100000000)
  region size 1024K, 1 young (1024K), 1 survivors (1024K)
 Metaspace       used 35919K, committed 36288K, reserved 1114112K
  class space    used 4737K, committed 4928K, reserved 1048576K
}

Dll operation events (12 events):
Event: 0.012 Loaded shared library C:\Users\obief\.jdks\openjdk-21.0.1\bin\java.dll
Event: 0.058 Loaded shared library C:\Users\obief\.jdks\openjdk-21.0.1\bin\jsvml.dll
Event: 0.160 Loaded shared library C:\Users\obief\.jdks\openjdk-21.0.1\bin\zip.dll
Event: 0.166 Loaded shared library C:\Users\obief\.jdks\openjdk-21.0.1\bin\instrument.dll
Event: 0.171 Loaded shared library C:\Users\obief\.jdks\openjdk-21.0.1\bin\net.dll
Event: 0.173 Loaded shared library C:\Users\obief\.jdks\openjdk-21.0.1\bin\nio.dll
Event: 0.178 Loaded shared library C:\Users\obief\.jdks\openjdk-21.0.1\bin\zip.dll
Event: 0.272 Loaded shared library C:\Program Files\JetBrains\IntelliJ IDEA 2023.2.3\bin\breakgen64.dll
Event: 0.284 Loaded shared library C:\Users\obief\.jdks\openjdk-21.0.1\bin\extnet.dll
Event: 0.315 Loaded shared library C:\Users\obief\.jdks\openjdk-21.0.1\bin\verify.dll
Event: 0.319 Loaded shared library C:\Users\obief\.jdks\openjdk-21.0.1\bin\jimage.dll
Event: 3.576 Loaded shared library C:\Users\obief\.jdks\openjdk-21.0.1\bin\sunmscapi.dll

Deoptimization events (20 events):
Event: 7.129 Thread 0x0000025be855a140 DEOPT PACKING pc=0x0000025bd5c39a9c sp=0x0000008ec82ff050
Event: 7.129 Thread 0x0000025be855a140 DEOPT UNPACKING pc=0x0000025bd5477da2 sp=0x0000008ec82ff000 mode 2
Event: 8.825 Thread 0x0000025bea88e850 Uncommon trap: trap_request=0xffffffde fr.pc=0x0000025bd5cbc180 relative=0x0000000000000960
Event: 8.825 Thread 0x0000025bea88e850 Uncommon trap: reason=class_check action=maybe_recompile pc=0x0000025bd5cbc180 method=org.openqa.selenium.json.Input.init()V @ 18 c2
Event: 8.825 Thread 0x0000025bea88e850 DEOPT PACKING pc=0x0000025bd5cbc180 sp=0x0000008ec87fe720
Event: 8.825 Thread 0x0000025bea88e850 DEOPT UNPACKING pc=0x0000025bd5477da2 sp=0x0000008ec87fe718 mode 2
Event: 8.825 Thread 0x0000025bea88e850 Uncommon trap: trap_request=0xffffffde fr.pc=0x0000025bd5cbc180 relative=0x0000000000000960
Event: 8.825 Thread 0x0000025bea88e850 Uncommon trap: reason=class_check action=maybe_recompile pc=0x0000025bd5cbc180 method=org.openqa.selenium.json.Input.init()V @ 18 c2
Event: 8.825 Thread 0x0000025bea88e850 DEOPT PACKING pc=0x0000025bd5cbc180 sp=0x0000008ec87fe2a0
Event: 8.825 Thread 0x0000025bea88e850 DEOPT UNPACKING pc=0x0000025bd5477da2 sp=0x0000008ec87fe298 mode 2
Event: 8.826 Thread 0x0000025bea88e850 Uncommon trap: trap_request=0xffffffde fr.pc=0x0000025bd5cbc180 relative=0x0000000000000960
Event: 8.826 Thread 0x0000025bea88e850 Uncommon trap: reason=class_check action=maybe_recompile pc=0x0000025bd5cbc180 method=org.openqa.selenium.json.Input.init()V @ 18 c2
Event: 8.826 Thread 0x0000025bea88e850 DEOPT PACKING pc=0x0000025bd5cbc180 sp=0x0000008ec87fdcf0
Event: 8.826 Thread 0x0000025bea88e850 DEOPT UNPACKING pc=0x0000025bd5477da2 sp=0x0000008ec87fdce8 mode 2
Event: 8.826 Thread 0x0000025bea88e850 Uncommon trap: trap_request=0xffffffde fr.pc=0x0000025bd5cbc180 relative=0x0000000000000960
Event: 8.826 Thread 0x0000025bea88e850 Uncommon trap: reason=class_check action=maybe_recompile pc=0x0000025bd5cbc180 method=org.openqa.selenium.json.Input.init()V @ 18 c2
Event: 8.826 Thread 0x0000025bea88e850 DEOPT PACKING pc=0x0000025bd5cbc180 sp=0x0000008ec87fdcf0
Event: 8.826 Thread 0x0000025bea88e850 DEOPT UNPACKING pc=0x0000025bd5477da2 sp=0x0000008ec87fdce8 mode 2
Event: 15.990 Thread 0x0000025bea88e850 DEOPT PACKING pc=0x0000025bcdfdb9cb sp=0x0000008ec87fe2f0
Event: 15.990 Thread 0x0000025bea88e850 DEOPT UNPACKING pc=0x0000025bd54788e2 sp=0x0000008ec87fd7a0 mode 0

Classes loaded (20 events):
Event: 8.837 Loading class java/lang/StackStreamFactory$StackFrameTraverser$StackFrameBuffer
Event: 8.838 Loading class java/lang/StackStreamFactory$FrameBuffer
Event: 8.838 Loading class java/lang/StackStreamFactory$FrameBuffer done
Event: 8.838 Loading class java/lang/StackStreamFactory$StackFrameTraverser$StackFrameBuffer done
Event: 8.839 Loading class java/util/logging/Level$RbAccess
Event: 8.840 Loading class java/util/logging/Level$RbAccess done
Event: 8.840 Loading class sun/util/logging/resources/logging
Event: 8.840 Loading class sun/util/logging/resources/logging done
Event: 8.841 Loading class sun/util/logging/resources/logging_en
Event: 8.841 Loading class sun/util/logging/resources/logging_en done
Event: 8.841 Loading class sun/util/logging/resources/logging_en
Event: 8.841 Loading class sun/util/logging/resources/logging_en done
Event: 8.841 Loading class sun/util/logging/resources/logging_en_US
Event: 8.841 Loading class sun/util/logging/resources/logging_en_US done
Event: 8.841 Loading class sun/util/logging/resources/logging_en_US
Event: 8.841 Loading class sun/util/logging/resources/logging_en_US done
Event: 14.735 Loading class java/net/URLEncoder
Event: 14.736 Loading class java/net/URLEncoder done
Event: 14.747 Loading class java/lang/foreign/MemorySegment
Event: 14.748 Loading class java/lang/foreign/MemorySegment done

Classes unloaded (0 events):
No events

Classes redefined (0 events):
No events

Internal exceptions (20 events):
Event: 3.841 Thread 0x0000025bea88e850 Exception <a 'java/net/ConnectException'{0x0000000086bb73f0}: Connection refused: no further information> (0x0000000086bb73f0) 
thrown [s\open\src\hotspot\share\prims\jni.cpp, line 539]
Event: 3.842 Thread 0x0000025bea88e850 Exception <a 'java/net/ConnectException'{0x0000000086bb7c58}: Connection refused: no further information> (0x0000000086bb7c58) 
thrown [s\open\src\hotspot\share\prims\jni.cpp, line 539]
Event: 3.842 Thread 0x0000025bea88e850 Exception <a 'java/net/ConnectException'{0x0000000086bb84c0}: Connection refused: no further information> (0x0000000086bb84c0) 
thrown [s\open\src\hotspot\share\prims\jni.cpp, line 539]
Event: 3.842 Thread 0x0000025bea88e850 Exception <a 'java/net/ConnectException'{0x0000000086bb8d28}: Connection refused: no further information> (0x0000000086bb8d28) 
thrown [s\open\src\hotspot\share\prims\jni.cpp, line 539]
Event: 3.843 Thread 0x0000025bea88e850 Exception <a 'java/net/ConnectException'{0x0000000086bb9590}: Connection refused: no further information> (0x0000000086bb9590) 
thrown [s\open\src\hotspot\share\prims\jni.cpp, line 539]
Event: 3.843 Thread 0x0000025bea88e850 Exception <a 'java/net/ConnectException'{0x0000000086bb9df8}: Connection refused: no further information> (0x0000000086bb9df8) 
thrown [s\open\src\hotspot\share\prims\jni.cpp, line 539]
Event: 3.843 Thread 0x0000025bea88e850 Exception <a 'java/net/ConnectException'{0x0000000086bba660}: Connection refused: no further information> (0x0000000086bba660) 
thrown [s\open\src\hotspot\share\prims\jni.cpp, line 539]
Event: 3.844 Thread 0x0000025bea88e850 Exception <a 'java/net/ConnectException'{0x0000000086bbaec8}: Connection refused: no further information> (0x0000000086bbaec8) 
thrown [s\open\src\hotspot\share\prims\jni.cpp, line 539]
Event: 3.855 Thread 0x0000025bea88e850 Exception <a 'java/net/ConnectException'{0x0000000086bbb730}: Connection refused: no further information> (0x0000000086bbb730) 
thrown [s\open\src\hotspot\share\prims\jni.cpp, line 539]
Event: 3.856 Thread 0x0000025bea88e850 Exception <a 'java/net/ConnectException'{0x0000000086bbbf98}: Connection refused: no further information> (0x0000000086bbbf98) 
thrown [s\open\src\hotspot\share\prims\jni.cpp, line 539]
Event: 3.871 Thread 0x0000025bea88e850 Exception <a 'java/net/ConnectException'{0x0000000086bbc800}: Connection refused: no further information> (0x0000000086bbc800) 
thrown [s\open\src\hotspot\share\prims\jni.cpp, line 539]
Event: 3.885 Thread 0x0000025bea88e850 Exception <a 'java/lang/NoSuchMethodError'{0x0000000086a72178}: 'java.lang.Object java.lang.invoke.DirectMethodHandle$Holder.invokeInterface(java.lang.Object, java.lang.Object, java.lang.Object)'> (0x0000000086a72178) 
thrown [s\open\src\hotspot\share\interpreter\linkResolver.cpp, line 773]
Event: 3.885 Thread 0x0000025bea88e850 Exception <a 'java/lang/IncompatibleClassChangeError'{0x0000000086a752b0}: Found class java.lang.Object, but interface was expected> (0x0000000086a752b0) 
thrown [s\open\src\hotspot\share\interpreter\linkResolver.cpp, line 840]
Event: 3.886 Thread 0x0000025bea88e850 Exception <a 'java/lang/NoSuchMethodError'{0x0000000086a7b0d8}: 'int java.lang.invoke.DirectMethodHandle$Holder.invokeSpecialIFC(java.lang.Object, java.lang.Object, java.lang.Object, java.lang.Object)'> (0x0000000086a7b0d8) 
thrown [s\open\src\hotspot\share\interpreter\linkResolver.cpp, line 773]
Event: 3.895 Thread 0x0000025bea88e850 Exception <a 'java/lang/NoSuchMethodError'{0x0000000086acd040}: 'double java.lang.invoke.DirectMethodHandle$Holder.invokeVirtual(java.lang.Object, java.lang.Object)'> (0x0000000086acd040) 
thrown [s\open\src\hotspot\share\interpreter\linkResolver.cpp, line 773]
Event: 3.896 Thread 0x0000025bea88e850 Exception <a 'java/lang/NoSuchMethodError'{0x0000000086ad2d38}: 'float java.lang.invoke.DirectMethodHandle$Holder.invokeVirtual(java.lang.Object, java.lang.Object)'> (0x0000000086ad2d38) 
thrown [s\open\src\hotspot\share\interpreter\linkResolver.cpp, line 773]
Event: 3.896 Thread 0x0000025bea88e850 Exception <a 'java/lang/NoSuchMethodError'{0x0000000086adac30}: 'long java.lang.invoke.DirectMethodHandle$Holder.invokeVirtual(java.lang.Object, java.lang.Object)'> (0x0000000086adac30) 
thrown [s\open\src\hotspot\share\interpreter\linkResolver.cpp, line 773]
Event: 3.957 Thread 0x0000025bea88e850 Exception <a 'java/lang/NoSuchMethodError'{0x00000000867c2020}: 'void java.lang.invoke.DirectMethodHandle$Holder.invokeStatic(java.lang.Object, java.lang.Object, java.lang.Object, java.lang.Object, java.lang.Object, java.lang.Object)'> (0x00000000867c2020) 
thrown [s\open\src\hotspot\share\interpreter\linkResolver.cpp, line 773]
Event: 8.832 Thread 0x0000025bea88e850 Exception <a 'java/lang/NoSuchMethodError'{0x0000000087f0ccb0}: 'java.lang.Object java.lang.invoke.DirectMethodHandle$Holder.invokeSpecialIFC(java.lang.Object, java.lang.Object, java.lang.Object)'> (0x0000000087f0ccb0) 
thrown [s\open\src\hotspot\share\interpreter\linkResolver.cpp, line 773]
Event: 8.840 Thread 0x0000025bea88e850 Exception <a 'java/lang/ClassNotFoundException'{0x0000000087f33a20}: sun/util/logging/resources/spi/loggingProvider> (0x0000000087f33a20) 
thrown [s\open\src\hotspot\share\classfile\systemDictionary.cpp, line 312]

ZGC Phase Switch (0 events):
No events

VM Operations (20 events):
Event: 3.943 Executing VM operation: HandshakeAllThreads (Deoptimize)
Event: 3.943 Executing VM operation: HandshakeAllThreads (Deoptimize) done
Event: 4.002 Executing VM operation: CollectForMetadataAllocation (Metadata GC Threshold)
Event: 4.008 Executing VM operation: CollectForMetadataAllocation (Metadata GC Threshold) done
Event: 4.028 Executing VM operation: CollectForMetadataAllocation (Metadata GC Threshold)
Event: 4.032 Executing VM operation: CollectForMetadataAllocation (Metadata GC Threshold) done
Event: 4.039 Executing VM operation: G1PauseRemark
Event: 4.042 Executing VM operation: G1PauseRemark done
Event: 4.047 Executing VM operation: G1PauseCleanup
Event: 4.047 Executing VM operation: G1PauseCleanup done
Event: 5.052 Executing VM operation: Cleanup
Event: 5.053 Executing VM operation: Cleanup done
Event: 9.089 Executing VM operation: Cleanup
Event: 9.089 Executing VM operation: Cleanup done
Event: 11.115 Executing VM operation: Cleanup
Event: 11.115 Executing VM operation: Cleanup done
Event: 12.127 Executing VM operation: Cleanup
Event: 12.127 Executing VM operation: Cleanup done
Event: 15.145 Executing VM operation: Cleanup
Event: 15.145 Executing VM operation: Cleanup done

Events (20 events):
Event: 4.041 Thread 0x0000025be2f49760 flushing nmethod 0x0000025bd5bbad90
Event: 4.041 Thread 0x0000025be2f49760 flushing nmethod 0x0000025bd5bb2b90
Event: 4.041 Thread 0x0000025be2f49760 flushing nmethod 0x0000025bd5ba7d10
Event: 4.041 Thread 0x0000025be2f49760 flushing nmethod 0x0000025bd5ba6290
Event: 4.041 Thread 0x0000025be2f49760 flushing nmethod 0x0000025bd5baef90
Event: 4.041 Thread 0x0000025be2f49760 flushing nmethod 0x0000025bd5b90510
Event: 4.041 Thread 0x0000025be2f49760 flushing nmethod 0x0000025bd5b8c510
Event: 4.041 Thread 0x0000025be2f49760 flushing nmethod 0x0000025bd5b81090
Event: 4.041 Thread 0x0000025be2f49760 flushing nmethod 0x0000025bd5b88210
Event: 4.041 Thread 0x0000025be2f49760 flushing nmethod 0x0000025bd5b7ff90
Event: 4.041 Thread 0x0000025be2f49760 flushing nmethod 0x0000025bd5b71f90
Event: 4.041 Thread 0x0000025be2f49760 flushing nmethod 0x0000025bd5b71490
Event: 4.041 Thread 0x0000025be2f49760 flushing nmethod 0x0000025bd5b70a10
Event: 4.084 Thread 0x0000025be8b81c10 Thread added: 0x0000025be8b81c10
Event: 4.088 Thread 0x0000025be8b84370 Thread added: 0x0000025be8b84370
Event: 8.818 Thread 0x0000025be2f84ce0 Thread exited: 0x0000025be2f84ce0
Event: 8.818 Thread 0x0000025be2f85a80 Thread exited: 0x0000025be2f85a80
Event: 14.769 Thread 0x0000025be2f86ef0 Thread added: 0x0000025be2f86ef0
Event: 15.082 Thread 0x0000025be2f86ef0 Thread exited: 0x0000025be2f86ef0
Event: 15.782 Thread 0x0000025be2f86150 Thread exited: 0x0000025be2f86150


Dynamic libraries:
0x00007ff730080000 - 0x00007ff73008e000 	C:\Users\obief\.jdks\openjdk-21.0.1\bin\java.exe
0x00007ff8acb10000 - 0x00007ff8acd27000 	C:\WINDOWS\SYSTEM32\ntdll.dll
0x00007ff8ab310000 - 0x00007ff8ab3d4000 	C:\WINDOWS\System32\KERNEL32.DLL
0x00007ff8aa0d0000 - 0x00007ff8aa47c000 	C:\WINDOWS\System32\KERNELBASE.dll
0x00007ff8a40c0000 - 0x00007ff8a4157000 	C:\WINDOWS\SYSTEM32\apphelp.dll
0x00007ff8aa730000 - 0x00007ff8aa841000 	C:\WINDOWS\System32\ucrtbase.dll
0x00007ff89e620000 - 0x00007ff89e63b000 	C:\Users\obief\.jdks\openjdk-21.0.1\bin\VCRUNTIME140.dll
0x00007ff89e640000 - 0x00007ff89e658000 	C:\Users\obief\.jdks\openjdk-21.0.1\bin\jli.dll
0x00007ff8aafa0000 - 0x00007ff8ab14e000 	C:\WINDOWS\System32\USER32.dll
0x00007ff8aa700000 - 0x00007ff8aa726000 	C:\WINDOWS\System32\win32u.dll
0x00007ff893a70000 - 0x00007ff893d03000 	C:\WINDOWS\WinSxS\amd64_microsoft.windows.common-controls_6595b64144ccf1df_6.0.22621.3672_none_2713b9d173822955\COMCTL32.dll
0x00007ff8aa9d0000 - 0x00007ff8aa9f9000 	C:\WINDOWS\System32\GDI32.dll
0x00007ff8aca20000 - 0x00007ff8acac7000 	C:\WINDOWS\System32\msvcrt.dll
0x00007ff8aa5e0000 - 0x00007ff8aa6f9000 	C:\WINDOWS\System32\gdi32full.dll
0x00007ff8aa540000 - 0x00007ff8aa5da000 	C:\WINDOWS\System32\msvcp_win.dll
0x00007ff8aaa40000 - 0x00007ff8aaa71000 	C:\WINDOWS\System32\IMM32.DLL
0x00007ff89f880000 - 0x00007ff89f88c000 	C:\Users\obief\.jdks\openjdk-21.0.1\bin\vcruntime140_1.dll
0x00007ff8586c0000 - 0x00007ff85874e000 	C:\Users\obief\.jdks\openjdk-21.0.1\bin\msvcp140.dll
0x00007ff8003e0000 - 0x00007ff8010f5000 	C:\Users\obief\.jdks\openjdk-21.0.1\bin\server\jvm.dll
0x00007ff8ac6b0000 - 0x00007ff8ac762000 	C:\WINDOWS\System32\ADVAPI32.dll
0x00007ff8aaef0000 - 0x00007ff8aaf9a000 	C:\WINDOWS\System32\sechost.dll
0x00007ff8aa0a0000 - 0x00007ff8aa0c8000 	C:\WINDOWS\System32\bcrypt.dll
0x00007ff8ac430000 - 0x00007ff8ac545000 	C:\WINDOWS\System32\RPCRT4.dll
0x00007ff8ab440000 - 0x00007ff8ab4b1000 	C:\WINDOWS\System32\WS2_32.dll
0x00007ff8a8cd0000 - 0x00007ff8a8d1d000 	C:\WINDOWS\SYSTEM32\POWRPROF.dll
0x00007ff8a3e00000 - 0x00007ff8a3e34000 	C:\WINDOWS\SYSTEM32\WINMM.dll
0x00007ff8a4230000 - 0x00007ff8a423a000 	C:\WINDOWS\SYSTEM32\VERSION.dll
0x00007ff8a8cb0000 - 0x00007ff8a8cc3000 	C:\WINDOWS\SYSTEM32\UMPDC.dll
0x00007ff8a8f60000 - 0x00007ff8a8f78000 	C:\WINDOWS\SYSTEM32\kernel.appcore.dll
0x00007ff89f740000 - 0x00007ff89f74a000 	C:\Users\obief\.jdks\openjdk-21.0.1\bin\jimage.dll
0x00007ff8a7270000 - 0x00007ff8a74a2000 	C:\WINDOWS\SYSTEM32\DBGHELP.DLL
0x00007ff8aaa80000 - 0x00007ff8aae08000 	C:\WINDOWS\System32\combase.dll
0x00007ff8aae10000 - 0x00007ff8aaee7000 	C:\WINDOWS\System32\OLEAUT32.dll
0x00007ff88e220000 - 0x00007ff88e252000 	C:\WINDOWS\SYSTEM32\dbgcore.DLL
0x00007ff8a9e40000 - 0x00007ff8a9ebb000 	C:\WINDOWS\System32\bcryptPrimitives.dll
0x00007ff8a6af0000 - 0x00007ff8a6aff000 	C:\Users\obief\.jdks\openjdk-21.0.1\bin\instrument.dll
0x00007ff89e600000 - 0x00007ff89e61f000 	C:\Users\obief\.jdks\openjdk-21.0.1\bin\java.dll
0x00007ff8ab6f0000 - 0x00007ff8abf4c000 	C:\WINDOWS\System32\SHELL32.dll
0x00007ff8a7d60000 - 0x00007ff8a8657000 	C:\WINDOWS\SYSTEM32\windows.storage.dll
0x00007ff8a7c10000 - 0x00007ff8a7d4f000 	C:\WINDOWS\SYSTEM32\wintypes.dll
0x00007ff8ac550000 - 0x00007ff8ac644000 	C:\WINDOWS\System32\SHCORE.dll
0x00007ff8ac9c0000 - 0x00007ff8aca1e000 	C:\WINDOWS\System32\shlwapi.dll
0x00007ff8a9d70000 - 0x00007ff8a9d91000 	C:\WINDOWS\SYSTEM32\profapi.dll
0x00007ff852080000 - 0x00007ff852157000 	C:\Users\obief\.jdks\openjdk-21.0.1\bin\jsvml.dll
0x00007ff894190000 - 0x00007ff8941a8000 	C:\Users\obief\.jdks\openjdk-21.0.1\bin\zip.dll
0x00007ff89f2f0000 - 0x00007ff89f300000 	C:\Users\obief\.jdks\openjdk-21.0.1\bin\net.dll
0x00007ff8a5110000 - 0x00007ff8a5246000 	C:\WINDOWS\SYSTEM32\WINHTTP.dll
0x00007ff8a93d0000 - 0x00007ff8a9439000 	C:\WINDOWS\system32\mswsock.dll
0x00007ff89d6c0000 - 0x00007ff89d6d6000 	C:\Users\obief\.jdks\openjdk-21.0.1\bin\nio.dll
0x00007ff89e7c0000 - 0x00007ff89e7da000 	C:\Program Files\JetBrains\IntelliJ IDEA 2023.2.3\bin\breakgen64.dll
0x00007ff89f110000 - 0x00007ff89f117000 	C:\Users\obief\.jdks\openjdk-21.0.1\bin\extnet.dll
0x00007ff89d6b0000 - 0x00007ff89d6c0000 	C:\Users\obief\.jdks\openjdk-21.0.1\bin\verify.dll
0x00007ff8a9630000 - 0x00007ff8a964b000 	C:\WINDOWS\SYSTEM32\CRYPTSP.dll
0x00007ff8a8ec0000 - 0x00007ff8a8ef5000 	C:\WINDOWS\system32\rsaenh.dll
0x00007ff8a94d0000 - 0x00007ff8a94f8000 	C:\WINDOWS\SYSTEM32\USERENV.dll
0x00007ff8a9650000 - 0x00007ff8a965c000 	C:\WINDOWS\SYSTEM32\CRYPTBASE.dll
0x00007ff8a8930000 - 0x00007ff8a895d000 	C:\WINDOWS\SYSTEM32\IPHLPAPI.DLL
0x00007ff8aa9c0000 - 0x00007ff8aa9c9000 	C:\WINDOWS\System32\NSI.dll
0x00007ff8a89a0000 - 0x00007ff8a8a98000 	C:\WINDOWS\SYSTEM32\DNSAPI.dll
0x0000000053bf0000 - 0x0000000053c16000 	C:\Program Files\Bonjour\mdnsNSP.dll
0x00007ff8a3df0000 - 0x00007ff8a3dfa000 	C:\Windows\System32\rasadhlp.dll
0x00007ff8a3e40000 - 0x00007ff8a3ec3000 	C:\WINDOWS\System32\fwpuclnt.dll
0x00007ff89f420000 - 0x00007ff89f42e000 	C:\Users\obief\.jdks\openjdk-21.0.1\bin\sunmscapi.dll
0x00007ff8a9f30000 - 0x00007ff8aa097000 	C:\WINDOWS\System32\CRYPT32.dll
0x00007ff8a97f0000 - 0x00007ff8a981e000 	C:\WINDOWS\SYSTEM32\ncrypt.dll
0x00007ff8a97b0000 - 0x00007ff8a97e7000 	C:\WINDOWS\SYSTEM32\NTASN1.dll

dbghelp: loaded successfully - version: 4.0.5 - missing functions: none
symbol engine: initialized successfully - sym options: 0x614 - pdb path: .;C:\Users\obief\.jdks\openjdk-21.0.1\bin;C:\WINDOWS\SYSTEM32;C:\WINDOWS\WinSxS\amd64_microsoft.windows.common-controls_6595b64144ccf1df_6.0.22621.3672_none_2713b9d173822955;C:\Users\obief\.jdks\openjdk-21.0.1\bin\server;C:\Program Files\JetBrains\IntelliJ IDEA 2023.2.3\bin;C:\Program Files\Bonjour

VM Arguments:
jvm_args: -javaagent:C:\Program Files\JetBrains\IntelliJ IDEA 2023.2.3\lib\idea_rt.jar=63574:C:\Program Files\JetBrains\IntelliJ IDEA 2023.2.3\bin -Dfile.encoding=UTF-8 -Dsun.stdout.encoding=UTF-8 -Dsun.stderr.encoding=UTF-8 
java_command: com.bookmatch.Main
java_class_path (initial): C:\Users\obief\Desktop\bookMatchWebScraper\target\classes;C:\Users\obief\.m2\repository\org\tinylog\tinylog\1.3.6\tinylog-1.3.6.jar;C:\Users\obief\.m2\repository\org\springframework\spring-context\6.0.13\spring-context-6.0.13.jar;C:\Users\obief\.m2\repository\org\springframework\spring-aop\6.0.13\spring-aop-6.0.13.jar;C:\Users\obief\.m2\repository\org\springframework\spring-beans\6.0.13\spring-beans-6.0.13.jar;C:\Users\obief\.m2\repository\org\springframework\spring-core\6.0.13\spring-core-6.0.13.jar;C:\Users\obief\.m2\repository\org\springframework\spring-jcl\6.0.13\spring-jcl-6.0.13.jar;C:\Users\obief\.m2\repository\org\springframework\spring-expression\6.0.13\spring-expression-6.0.13.jar;C:\Users\obief\.m2\repository\net\bytebuddy\byte-buddy\1.14.9\byte-buddy-1.14.9.jar;C:\Users\obief\.m2\repository\org\apache\maven\plugins\maven-javadoc-plugin\3.6.0\maven-javadoc-plugin-3.6.0.jar;C:\Users\obief\.m2\repository\javax\inject\javax.inject\1\javax.inject-1.jar;C:\Users\obief\.m2\repository\org\apache\maven\reporting\maven-reporting-api\3.1.1\maven-reporting-api-3.1.1.jar;C:\Users\obief\.m2\repository\org\apache\maven\maven-archiver\3.6.0\maven-archiver-3.6.0.jar;C:\Users\obief\.m2\repository\org\codehaus\plexus\plexus-interpolation\1.26\plexus-interpolation-1.26.jar;C:\Users\obief\.m2\repository\org\apache\maven\shared\maven-invoker\3.2.0\maven-invoker-3.2.0.jar;C:\Users\obief\.m2\repository\org\apache\maven\shared\maven-shared-utils\3.4.2\maven-shared-utils-3.4.2.jar;C:\Users\obief\.m2\repository\org\slf4j\slf4j-api\1.7.36\slf4j-api-1.7.36.jar;C:\Users\obief\.m2\repository\org\apache\maven\shared\maven-common-artifact-filters\3.2.0\maven-common-artifact-filters-3.2.0.jar;C:\Users\obief\.m2\repository\org\apache\maven\maven-artifact\3.1.1\maven-artifact-3.1.1.jar;C:\Users\obief\.m2\repository\org\apache\maven\maven-model\3.1.1\maven-model-3.1.1.jar;C:\Users\obief\.m2\repository\org\apache\maven\maven-core\3.1.1\maven-core-3.1.1.jar;C:\Users\obief\.m2\repository\org\apache\maven\maven-settings\3.1.1\maven-settings-3.1.1.jar;C:\Users\obief\.m2\repository\org\apache\maven\maven-settings-builder\3.1.1\maven-settings-builder-3.1.1.jar;C:\Users\obief\.m2\repository\org\apache\maven\maven-repository-metadata\3.1.1\maven-repository-metadata-3.1.1.jar;C:\Users\obief\.m2\repository\org\apache\maven\maven-model-builder\3.1.1\maven-model-builder-3.1.1.jar;C:\Users\obief\.m2\repository\org\apache\maven\maven-aether-provider\3.1.1\maven-aether-provider-3.1.1.jar;C:\Users\obief\.m2\repository\org\eclipse\aether\aether-spi\0.9.0.M2\aether-spi-0.9.0.M2.jar;C:\Users\obief\.m2\repository\org\eclipse\aether\aether-impl\0.9.0.M2\aether-impl-0.9.0.M2.jar;C:\Users\obief\.m2\repository\org\codehaus\plexus\plexus-classworlds\2.5.1\plexus-classworlds-2.5.1.jar;C:\Users\obief\.m2\repository\org\sonatype\plexus\plexus-sec-dispatcher\1.3\plexus-sec-dispatcher-1.3.jar;C:\Users\obief\.m2\repository\org\sonatype\plexus\plexus-cipher\1.4\plexus-cipher-1.4.jar;C:\Users\obief\.m2\repository\org\apache\maven\maven-plugin-api\3.1.1\maven-plugin-api-3.1.1.jar;C:\Users\obief\.m2\repository\org\eclipse\aether\aether-api\0.9.0.M2\aether-api-0.9.0.M2.jar;C:\Users\obief\.m2\repository\org\eclipse\aether\aether-util\0.9.0.M2\aether-util-0.9.0.M2.jar;C:\Users\obief\.m2\repository\org\eclipse\sisu\org.eclipse.sisu.plexus\0.0.0.M5\org.eclipse.sisu.plexus-0.0.0.M5.jar;C:\Users\obief\.m2\repository\javax\enterprise\cdi-api\1.0\cdi-api-1.0.jar;C:\Users\obief\.m2\repository\javax\annotation\jsr250-api\1.0\jsr250-api-1.0.jar;C:\Users\obief\.m2\repository\org\sonatype\sisu\sisu-guice\3.1.0\sisu-guice-3.1.0-no_aop.jar;C:\Users\obief\.m2\repository\aopalliance\aopalliance\1.0\aopalliance-1.0.jar;C:\Users\obief\.m2\repository\org\eclipse\sisu\org.eclipse.sisu.inject\0.0.0.M5\org.eclipse.sisu.inject-0.0.0.M5.jar;C:\Users\obief\.m2\repository\org\apache\maven\doxia\doxia-sink-api\1.11.1\doxia-sink-api-1.11.1.jar;C:\Users\obief\.m2\repository\org\apache\maven\doxia\doxia-logging-api\1.11.1\doxia-logging-api-1.11.1.jar;C:\Users\obief\.m2\repository\org\apache\maven\doxia\doxia-site-renderer\1.11.1\doxia-site-renderer-1.11.1.jar;C:\Users\obief\.m2\repository\org\apache\maven\doxia\doxia-core\1.11.1\doxia-core-1.11.1.jar;C:\Users\obief\.m2\repository\org\apache\maven\doxia\doxia-decoration-model\1.11.1\doxia-decoration-model-1.11.1.jar;C:\Users\obief\.m2\repository\org\apache\maven\doxia\doxia-skin-model\1.11.1\doxia-skin-model-1.11.1.jar;C:\Users\obief\.m2\repository\org\apache\maven\doxia\doxia-module-xhtml\1.11.1\doxia-module-xhtml-1.11.1.jar;C:\Users\obief\.m2\repository\org\apache\maven\doxia\doxia-module-xhtml5\1.11.1\doxia-module-xhtml5-1.11.1.jar;C:\Users\obief\.m2\repository\org\codehaus\plexus\plexus-component-annotations\2.0.0\plexus-component-annotations-2.0.0.jar;C:\Users\obief\.m2\repository\org\codehaus\plexus\plexus-i18n\1.0-beta-10\plexus-i18n-1.0-beta-10.jar;C:\Users\obief\.m2\repository\org\codehaus\plexus\plexus-container-default\1.0-alpha-30\plexus-container-default-1.0-alpha-30.jar;C:\Users\obief\.m2\repository\org\codehaus\plexus\plexus-velocity\1.2\plexus-velocity-1.2.jar;C:\Users\obief\.m2\repository\org\apache\velocity\velocity\1.7\velocity-1.7.jar;C:\Users\obief\.m2\repository\commons-lang\commons-lang\2.4\commons-lang-2.4.jar;C:\Users\obief\.m2\repository\org\apache\velocity\velocity-tools\2.0\velocity-tools-2.0.jar;C:\Users\obief\.m2\repository\commons-beanutils\commons-beanutils\1.7.0\commons-beanutils-1.7.0.jar;C:\Users\obief\.m2\repository\commons-digester\commons-digester\1.8\commons-digester-1.8.jar;C:\Users\obief\.m2\repository\commons-chain\commons-chain\1.1\commons-chain-1.1.jar;C:\Users\obief\.m2\repository\dom4j\dom4j\1.1\dom4j-1.1.jar;C:\Users\obief\.m2\repository\oro\oro\2.0.8\oro-2.0.8.jar;C:\Users\obief\.m2\repository\commons-collections\commons-collections\3.2.2\commons-collections-3.2.2.jar;C:\Users\obief\.m2\repository\org\apache\maven\wagon\wagon-provider-api\2.4\wagon-provider-api-2.4.jar;C:\Users\obief\.m2\repository\org\apache\commons\commons-lang3\3.12.0\commons-lang3-3.12.0.jar;C:\Users\obief\.m2\repository\org\apache\commons\commons-text\1.10.0\commons-text-1.10.0.jar;C:\Users\obief\.m2\repository\org\apache\httpcomponents\httpclient\4.5.14\httpclient-4.5.14.jar;C:\Users\obief\.m2\repository\commons-logging\commons-logging\1.2\commons-logging-1.2.jar;C:\Users\obief\.m2\repository\commons-codec\commons-codec\1.11\commons-codec-1.11.jar;C:\Users\obief\.m2\repository\org\apache\httpcomponents\httpcore\4.4.16\httpcore-4.4.16.jar;C:\Users\obief\.m2\repository\com\thoughtworks\qdox\qdox\2.0.3\qdox-2.0.3.jar;C:\Users\obief\.m2\repository\org\codehaus\plexus\plexus-java\1.1.2\plexus-java-1.1.2.jar;C:\Users\obief\.m2\repository\org\ow2\asm\asm\9.4\asm-9.4.jar;C:\Users\obief\.m2\repository\org\codehaus\plexus\plexus-utils\3.5.1\plexus-utils-3.5.1.jar;C:\Users\obief\.m2\repository\org\codehaus\plexus\plexus-io\3.4.1\plexus-io-3.4.1.jar;C:\Users\obief\.m2\repository\org\codehaus\plexus\plexus-archiver\4.8.0\plexus-archiver-4.8.0.jar;C:\Users\obief\.m2\repository\org\apache\commons\commons-compress\1.23.0\commons-compress-1.23.0.jar;C:\Users\obief\.m2\repository\org\iq80\snappy\snappy\0.4\snappy-0.4.jar;C:\Users\obief\.m2\repository\org\tukaani\xz\1.9\xz-1.9.jar;C:\Users\obief\.m2\repository\com\github\luben\zstd-jni\1.5.5-5\zstd-jni-1.5.5-5.jar;C:\Users\obief\.m2\repository\commons-io\commons-io\2.13.0\commons-io-2.13.0.jar;C:\Users\obief\.m2\repository\org\codehaus\plexus\plexus-interactivity-api\1.1\plexus-interactivity-api-1.1.jar;C:\Users\obief\.m2\repository\org\hibernate\hibernate-core\5.6.15.Final\hibernate-core-5.6.15.Final.jar;C:\Users\obief\.m2\repository\org\jboss\logging\jboss-logging\3.4.3.Final\jboss-logging-3.4.3.Final.jar;C:\Users\obief\.m2\repository\javax\persistence\javax.persistence-api\2.2\javax.persistence-api-2.2.jar;C:\Users\obief\.m2\repository\antlr\antlr\2.7.7\antlr-2.7.7.jar;C:\Users\obief\.m2\repository\org\jboss\spec\javax\transaction\jboss-transaction-api_1.2_spec\1.1.1.Final\jboss-transaction-api_1.2_spec-1.1.1.Final.jar;C:\Users\obief\.m2\repository\org\jboss\jandex\2.4.2.Final\jandex-2.4.2.Final.jar;C:\Users\obief\.m2\repository\com\fasterxml\classmate\1.5.1\classmate-1.5.1.jar;C:\Users\obief\.m2\repository\javax\activation\javax.activation-api\1.2.0\javax.activation-api-1.2.0.jar;C:\Users\obief\.m2\repository\org\hibernate\common\hibernate-commons-annotations\5.1.2.Final\hibernate-commons-annotations-5.1.2.Final.jar;C:\Users\obief\.m2\repository\javax\xml\bind\jaxb-api\2.3.1\jaxb-api-2.3.1.jar;C:\Users\obief\.m2\repository\org\glassfish\jaxb\jaxb-runtime\2.3.1\jaxb-runtime-2.3.1.jar;C:\Users\obief\.m2\repository\org\glassfish\jaxb\txw2\2.3.1\txw2-2.3.1.jar;C:\Users\obief\.m2\repository\com\sun\istack\istack-commons-runtime\3.0.7\istack-commons-runtime-3.0.7.jar;C:\Users\obief\.m2\repository\org\jvnet\staxex\stax-ex\1.8\stax-ex-1.8.jar;C:\Users\obief\.m2\repository\com\sun\xml\fastinfoset\FastInfoset\1.2.15\FastInfoset-1.2.15.jar;C:\Users\obief\.m2\repository\com\mysql\mysql-connector-j\8.0.33\mysql-connector-j-8.0.33.jar;C:\Users\obief\.m2\repository\com\google\protobuf\protobuf-java\3.21.9\protobuf-java-3.21.9.jar;C:\Users\obief\.m2\repository\org\seleniumhq\selenium\selenium-java\3.141.0\selenium-java-3.141.0.jar;C:\Users\obief\.m2\repository\org\seleniumhq\selenium\selenium-api\3.141.0\selenium-api-3.141.0.jar;C:\Users\obief\.m2\repository\org\seleniumhq\selenium\selenium-chrome-driver\3.141.0\selenium-chrome-driver-3.141.0.jar;C:\Users\obief\.m2\repository\org\seleniumhq\selenium\selenium-edge-driver\3.141.0\selenium-edge-driver-3.141.0.jar;C:\Users\obief\.m2\repository\org\seleniumhq\selenium\selenium-firefox-driver\3.141.0\selenium-firefox-driver-3.141.0.jar;C:\Users\obief\.m2\repository\org\seleniumhq\selenium\selenium-ie-driver\3.141.0\selenium-ie-driver-3.141.0.jar;C:\Users\obief\.m2\repository\org\seleniumhq\selenium\selenium-opera-driver\3.141.0\selenium-opera-driver-3.141.0.jar;C:\Users\obief\.m2\repository\org\seleniumhq\selenium\selenium-remote-driver\3.141.0\selenium-remote-driver-3.141.0.jar;C:\Users\obief\.m2\repository\org\seleniumhq\selenium\selenium-safari-driver\3.141.0\selenium-safari-driver-3.141.0.jar;C:\Users\obief\.m2\repository\org\seleniumhq\selenium\selenium-support\3.141.0\selenium-support-3.141.0.jar;C:\Users\obief\.m2\repository\org\apache\commons\commons-exec\1.3\commons-exec-1.3.jar;C:\Users\obief\.m2\repository\com\google\guava\guava\25.0-jre\guava-25.0-jre.jar;C:\Users\obief\.m2\repository\com\google\code\findbugs\jsr305\1.3.9\jsr305-1.3.9.jar;C:\Users\obief\.m2\repository\org\checkerframework\checker-compat-qual\2.0.0\checker-compat-qual-2.0.0.jar;C:\Users\obief\.m2\repository\com\google\errorprone\error_prone_annotations\2.1.3\error_prone_annotations-2.1.3.jar;C:\Users\obief\.m2\repository\com\google\j2objc\j2objc-annotations\1.1\j2objc-annotations-1.1.jar;C:\Users\obief\.m2\repository\org\codehaus\mojo\animal-sniffer-annotations\1.14\animal-sniffer-annotations-1.14.jar;C:\Users\obief\.m2\repository\com\squareup\okhttp3\okhttp\3.11.0\okhttp-3.11.0.jar;C:\Users\obief\.m2\repository\com\squareup\okio\okio\1.14.0\okio-1.14.0.jar;C:\Users\obief\.m2\repository\org\springframework\spring-jdbc\6.1.0\spring-jdbc-6.1.0.jar;C:\Users\obief\.m2\repository\org\springframework\spring-tx\6.1.0\spring-tx-6.1.0.jar;C:\Users\obief\.m2\repository\org\springframework\boot\spring-boot\3.2.0\spring-boot-3.2.0.jar
Launcher Type: SUN_STANDARD

[Global flags]
     intx CICompilerCount                          = 12                                        {product} {ergonomic}
     uint ConcGCThreads                            = 3                                         {product} {ergonomic}
     uint G1ConcRefinementThreads                  = 13                                        {product} {ergonomic}
   size_t G1HeapRegionSize                         = 1048576                                   {product} {ergonomic}
    uintx GCDrainStackTargetSize                   = 64                                        {product} {ergonomic}
   size_t InitialHeapSize                          = 130023424                                 {product} {ergonomic}
   size_t MarkStackSize                            = 4194304                                   {product} {ergonomic}
   size_t MaxHeapSize                              = 2069889024                                {product} {ergonomic}
   size_t MaxNewSize                               = 1241513984                                {product} {ergonomic}
   size_t MinHeapDeltaBytes                        = 1048576                                   {product} {ergonomic}
   size_t MinHeapSize                              = 8388608                                   {product} {ergonomic}
    uintx NonNMethodCodeHeapSize                   = 7602480                                {pd product} {ergonomic}
    uintx NonProfiledCodeHeapSize                  = 122027880                              {pd product} {ergonomic}
    uintx ProfiledCodeHeapSize                     = 122027880                              {pd product} {ergonomic}
    uintx ReservedCodeCacheSize                    = 251658240                              {pd product} {ergonomic}
     bool SegmentedCodeCache                       = true                                      {product} {ergonomic}
   size_t SoftMaxHeapSize                          = 2069889024                             {manageable} {ergonomic}
     bool UseCompressedOops                        = true                           {product lp64_product} {ergonomic}
     bool UseG1GC                                  = true                                      {product} {ergonomic}
     bool UseLargePagesIndividualAllocation        = false                                  {pd product} {ergonomic}

Logging:
Log output configuration:
 #0: stdout all=warning uptime,level,tags foldmultilines=false
 #1: stderr all=off uptime,level,tags foldmultilines=false

Environment Variables:
PATH=C:\Windows\system32;C:\Windows;C:\Windows\System32\Wbem;C:\Windows\System32\WindowsPowerShell\v1.0\;C:\Windows\System32\OpenSSH\;C:\Program Files (x86)\NVIDIA Corporation\PhysX\Common;C:\Program Files\NVIDIA Corporation\NVIDIA NvDLISR;C:\Program Files (x86)\Microsoft VS Code\bin;C:\Program Files (x86)\Git\cmd;C:\Users\obief\AppData\Roaming\nvm;C:\Program Files\nodejs;C:\Program Files\dotnet\;C:\WINDOWS\system32;C:\WINDOWS;C:\WINDOWS\System32\Wbem;C:\WINDOWS\System32\WindowsPowerShell\v1.0\;C:\WINDOWS\System32\OpenSSH\;C:\Program Files (x86)\ChromiumDriver;C:\Program Files\Microsoft VS Code\bin;C:\Program Files (x86)\Windows Kits\10\Windows Performance Toolkit\;C:\Program Files\nodejs\;C:\Program Files\Amazon\AWSCLIV2\;C:\Users\obief\AppData\Local\Programs\Python\Python311\Scripts\;C:\Users\obief\AppData\Local\Programs\Python\Python311\;C:\Users\obief\AppData\Local\Microsoft\WindowsApps;C:\Users\obief\AppData\Roaming\nvm;C:\Program Files\nodejs;"C:\Flutter\flutter\bin";C:\Users\obief\AppData\Roaming\npm
USERNAME=obief
OS=Windows_NT
PROCESSOR_IDENTIFIER=Intel64 Family 6 Model 141 Stepping 1, GenuineIntel
TMP=C:\Users\obief\AppData\Local\Temp
TEMP=C:\Users\obief\AppData\Local\Temp




Periodic native trim disabled

---------------  S Y S T E M  ---------------

OS:
 Windows 11 , 64 bit Build 22621 (10.0.22621.3672)
OS uptime: 5 days 12:11 hours
Hyper-V role detected

CPU: total 16 (initial active 16) (8 cores per cpu, 2 threads per core) family 6 model 141 stepping 1 microcode 0x26, cx8, cmov, fxsr, ht, mmx, 3dnowpref, sse, sse2, sse3, ssse3, sse4.1, sse4.2, popcnt, lzcnt, tsc, tscinvbit, avx, avx2, aes, erms, clmul, bmi1, bmi2, adx, avx512f, avx512dq, avx512cd, avx512bw, avx512vl, sha, fma, vzeroupper, avx512_vpopcntdq, avx512_vpclmulqdq, avx512_vaes, avx512_vnni, clflush, clflushopt, clwb, avx512_vbmi2, avx512_vbmi, hv, rdtscp, rdpid, fsrm, gfni, avx512_bitalg, f16c, cet_ibt, cet_ss, avx512_ifma
Processor Information for all 16 processors :
  Max Mhz: 2304, Current Mhz: 2304, Mhz Limit: 2304

Memory: 4k page, system-wide physical 7893M (510M free)
TotalPageFile size 32469M (AvailPageFile size 4M)
current process WorkingSet (physical memory assigned to process): 169M, peak: 180M
current process commit charge ("private bytes"): 217M, peak: 264M

vm_info: OpenJDK 64-Bit Server VM (21.0.1+12-29) for windows-amd64 JRE (21.0.1+12-29), built on 2023-10-05T13:27:09Z by "mach5one" with MS VC++ 17.1 (VS2022)

END.
